core.init: Checking for fconfig files in pwd and ./rosetta/flags 
core.init: Rosetta version: 2023.21+HEAD.0bdfc78df2 0bdfc78df24f1a9621def6e20b0941151b3c791b git@github.com:RosettaCommons/rosetta.git 2023-05-26T08:14:51
core.init: command: /usr/local/bin/relax -no_color -multiple_processes_writing_to_one_directory @0.relax.flags
basic.random.init_random_generator: 'RNG device' seed mode, using '/dev/urandom', seed=-591825091 seed_offset=0 real_seed=-591825091
basic.random.init_random_generator: RandomGenerator:init: Normal mode, seed=-591825091 RG_type=mt19937
core.init: found database environment variable ROSETTA3_DB: /usr/local/database
core.scoring.ScoreFunctionFactory: SCOREFUNCTION: ref2015_cart
core.scoring.etable: Starting energy table calculation
core.scoring.etable: smooth_etable: changing atr/rep split to bottom of energy well
core.scoring.etable: smooth_etable: spline smoothing lj etables (maxdis = 6)
core.scoring.etable: smooth_etable: spline smoothing solvation etables (max_dis = 6)
core.scoring.etable: Finished calculating energy tables.
basic.io.database: Database file opened: scoring/score_functions/hbonds/ref2015_params/HBPoly1D.csv
basic.io.database: Database file opened: scoring/score_functions/hbonds/ref2015_params/HBFadeIntervals.csv
basic.io.database: Database file opened: scoring/score_functions/hbonds/ref2015_params/HBEval.csv
basic.io.database: Database file opened: scoring/score_functions/hbonds/ref2015_params/DonStrength.csv
basic.io.database: Database file opened: scoring/score_functions/hbonds/ref2015_params/AccStrength.csv
core.chemical.GlobalResidueTypeSet: Finished initializing fa_standard residue type set.  Created 985 residue types
core.chemical.GlobalResidueTypeSet: Total time to initialize 0.707415 seconds.
basic.io.database: Database file opened: scoring/score_functions/rama/fd/all.ramaProb
basic.io.database: Database file opened: scoring/score_functions/rama/fd/prepro.ramaProb
basic.io.database: Database file opened: scoring/score_functions/omega/omega_ppdep.all.txt
basic.io.database: Database file opened: scoring/score_functions/omega/omega_ppdep.gly.txt
basic.io.database: Database file opened: scoring/score_functions/omega/omega_ppdep.pro.txt
basic.io.database: Database file opened: scoring/score_functions/omega/omega_ppdep.valile.txt
basic.io.database: Database file opened: scoring/score_functions/P_AA_pp/P_AA
basic.io.database: Database file opened: scoring/score_functions/P_AA_pp/P_AA_n
core.scoring.P_AA: shapovalov_lib::shap_p_aa_pp_smooth_level of 1( aka low_smooth ) got activated.
basic.io.database: Database file opened: scoring/score_functions/P_AA_pp/shapovalov/10deg/kappa131/a20.prop
core.energy_methods.CartesianBondedEnergy: Initializing IdealParametersDatabase with default Ks=300 , 80 , 80 , 10 , 80
basic.io.database: Database file opened: scoring/score_functions/bondlength_bondangle/default-lengths.txt
core.energy_methods.CartesianBondedEnergy: Read 759 bb-independent lengths.
basic.io.database: Database file opened: scoring/score_functions/bondlength_bondangle/default-angles.txt
core.energy_methods.CartesianBondedEnergy: Read 1434 bb-independent angles.
basic.io.database: Database file opened: scoring/score_functions/bondlength_bondangle/default-torsions.txt
core.energy_methods.CartesianBondedEnergy: Read 1 bb-independent torsions.
basic.io.database: Database file opened: scoring/score_functions/bondlength_bondangle/default-improper.txt
core.energy_methods.CartesianBondedEnergy: Read 529 bb-independent improper tors.
protocols.relax.RelaxScriptManager: Reading relax scripts list from database.
protocols.relax.RelaxScriptManager: Looking for MonomerRelax2019.txt
protocols.relax.RelaxScriptManager: ================== Reading script file: /usr/local/database/sampling/relax_scripts/MonomerRelax2019.txt ==================
protocols.relax.RelaxScriptManager: repeat %%nrepeats%%
protocols.relax.RelaxScriptManager: coord_cst_weight 1.0
protocols.relax.RelaxScriptManager: scale:fa_rep 0.040
protocols.relax.RelaxScriptManager: repack
protocols.relax.RelaxScriptManager: scale:fa_rep 0.051
protocols.relax.RelaxScriptManager: min 0.01
protocols.relax.RelaxScriptManager: coord_cst_weight 0.5
protocols.relax.RelaxScriptManager: scale:fa_rep 0.265
protocols.relax.RelaxScriptManager: repack
protocols.relax.RelaxScriptManager: scale:fa_rep 0.280
protocols.relax.RelaxScriptManager: min 0.01
protocols.relax.RelaxScriptManager: coord_cst_weight 0.0
protocols.relax.RelaxScriptManager: scale:fa_rep 0.559
protocols.relax.RelaxScriptManager: repack
protocols.relax.RelaxScriptManager: scale:fa_rep 0.581
protocols.relax.RelaxScriptManager: min 0.01
protocols.relax.RelaxScriptManager: coord_cst_weight 0.0
protocols.relax.RelaxScriptManager: scale:fa_rep 1
protocols.relax.RelaxScriptManager: repack
protocols.relax.RelaxScriptManager: min 0.00001
protocols.relax.RelaxScriptManager: accept_to_best
protocols.relax.RelaxScriptManager: endrepeat
protocols.jd2.PDBJobInputter: Instantiate PDBJobInputter
protocols.jd2.PDBJobInputter: PDBJobInputter::fill_jobs
protocols.jd2.PDBJobInputter: pushed input.pdb nstruct index 1
protocols.evaluation.ChiWellRmsdEvaluatorCreator: Evaluation Creator active ... 
protocols.jd2.PDBJobInputter: PDBJobInputter::pose_from_job
protocols.jd2.PDBJobInputter: filling pose from PDB input.pdb
core.import_pose.import_pose: File 'input.pdb' automatically determined to be of type PDB
core.io.pose_from_sfr.PoseFromSFRBuilder: [ WARNING ] discarding 3 atoms at position 1 in file input.pdb. Best match rsd_type:  MET:NtermProteinFull
core.conformation.Conformation: Found disulfide between residues 4 168
core.conformation.Conformation: Found disulfide between residues 96 178
core.energy_methods.CartesianBondedEnergy: Creating new peptide-bonded energy container (321)
basic.io.database: Database file opened: scoring/score_functions/elec_cp_reps.dat
core.scoring.elec.util: Read 40 countpair representative atoms
core.pack.dunbrack.RotamerLibrary: shapovalov_lib_fixes_enable option is true.
core.pack.dunbrack.RotamerLibrary: shapovalov_lib::shap_dun10_smooth_level of 1( aka lowest_smooth ) got activated.
core.pack.dunbrack.RotamerLibrary: Binary rotamer library selected: /usr/local/database/rotamer/shapovalov/StpDwn_0-0-0/Dunbrack10.lib.bin
core.pack.dunbrack.RotamerLibrary: Using Dunbrack library binary file '/usr/local/database/rotamer/shapovalov/StpDwn_0-0-0/Dunbrack10.lib.bin'.
core.pack.dunbrack.RotamerLibrary: Dunbrack 2010 library took 1.09318 seconds to load from binary
core.energy_methods.CartesianBondedEnergy: Adding undefined angle VRT: X,ORIG,Y to DB with theta0 = 1.5708 , Ktheta = 80
core.energy_methods.CartesianBondedEnergy: Adding undefined length VRT: ORIG,X, to DB with d0 = 1 , Kd = 300
core.energy_methods.CartesianBondedEnergy: Adding undefined length VRT: ORIG,Y, to DB with d0 = 1 , Kd = 300
protocols.relax.FastRelax: CMD: repeat  4920.85  0  0  0.55
protocols.relax.FastRelax: CMD: coord_cst_weight  4920.85  0  0  0.55
protocols.relax.FastRelax: CMD: scale:fa_rep  4817.72  0  0  0.022
core.pack.task: Packer task: initialize from command line() 
core.pack.pack_rotamers: built 4018 rotamers at 321 positions.
core.pack.interaction_graph.interaction_graph_factory: Instantiating DensePDInteractionGraph
protocols.relax.FastRelax: CMD: repack  1247.87  0  0  0.022
protocols.relax.FastRelax: CMD: scale:fa_rep  1255.7  0  0  0.02805
core.pose.util: [ WARNING ] Unable to find atom_tree atom for this Rosetta branch connection angle: residue 4 BRANCH 1
core.pose.util: [ WARNING ] Unable to find atom_tree atom for this Rosetta branch connection angle: residue 96 BRANCH 1
core.pose.util: [ WARNING ] Unable to find atom_tree atom for this Rosetta branch connection angle: residue 168 BRANCH 1
core.pose.util: [ WARNING ] Unable to find atom_tree atom for this Rosetta branch connection angle: residue 178 BRANCH 1
core.optimization.Minimizer: [ WARNING ] LBFGS MAX CYCLES 200 EXCEEDED, BUT FUNC NOT CONVERGED!
protocols.relax.FastRelax: CMD: min  -891.047  0.0792527  0.0792527  0.02805
protocols.relax.FastRelax: CMD: coord_cst_weight  -891.047  0.0792527  0.0792527  0.02805
protocols.relax.FastRelax: CMD: scale:fa_rep  -795.877  0.0792527  0.0792527  0.14575
core.pack.task: Packer task: initialize from command line() 
core.pack.pack_rotamers: built 3828 rotamers at 321 positions.
core.pack.interaction_graph.interaction_graph_factory: Instantiating DensePDInteractionGraph
protocols.relax.FastRelax: CMD: repack  -797.986  0.0792527  0.0792527  0.14575
protocols.relax.FastRelax: CMD: scale:fa_rep  -791.397  0.0792527  0.0792527  0.154
core.pose.util: [ WARNING ] Unable to find atom_tree atom for this Rosetta branch connection angle: residue 4 BRANCH 1
core.pose.util: [ WARNING ] Unable to find atom_tree atom for this Rosetta branch connection angle: residue 96 BRANCH 1
core.pose.util: [ WARNING ] Unable to find atom_tree atom for this Rosetta branch connection angle: residue 168 BRANCH 1
core.pose.util: [ WARNING ] Unable to find atom_tree atom for this Rosetta branch connection angle: residue 178 BRANCH 1
protocols.relax.FastRelax: CMD: min  -822.706  0.0721886  0.0721886  0.154
protocols.relax.FastRelax: CMD: coord_cst_weight  -822.706  0.0721886  0.0721886  0.154
protocols.relax.FastRelax: CMD: scale:fa_rep  -751.662  0.0721886  0.0721886  0.30745
core.pack.task: Packer task: initialize from command line() 
core.pack.pack_rotamers: built 3753 rotamers at 321 positions.
core.pack.interaction_graph.interaction_graph_factory: Instantiating DensePDInteractionGraph
protocols.relax.FastRelax: CMD: repack  -751.662  0.0721886  0.0721886  0.30745
protocols.relax.FastRelax: CMD: scale:fa_rep  -746.06  0.0721886  0.0721886  0.31955
core.pose.util: [ WARNING ] Unable to find atom_tree atom for this Rosetta branch connection angle: residue 4 BRANCH 1
core.pose.util: [ WARNING ] Unable to find atom_tree atom for this Rosetta branch connection angle: residue 96 BRANCH 1
core.pose.util: [ WARNING ] Unable to find atom_tree atom for this Rosetta branch connection angle: residue 168 BRANCH 1
core.pose.util: [ WARNING ] Unable to find atom_tree atom for this Rosetta branch connection angle: residue 178 BRANCH 1
protocols.relax.FastRelax: CMD: min  -756.394  0.0682756  0.0682756  0.31955
protocols.relax.FastRelax: CMD: coord_cst_weight  -756.394  0.0682756  0.0682756  0.31955
protocols.relax.FastRelax: CMD: scale:fa_rep  -674.613  0.0682756  0.0682756  0.55
core.pack.task: Packer task: initialize from command line() 
core.pack.pack_rotamers: built 3653 rotamers at 321 positions.
core.pack.interaction_graph.interaction_graph_factory: Instantiating DensePDInteractionGraph
protocols.relax.FastRelax: CMD: repack  -674.613  0.0682756  0.0682756  0.55
core.pose.util: [ WARNING ] Unable to find atom_tree atom for this Rosetta branch connection angle: residue 4 BRANCH 1
core.pose.util: [ WARNING ] Unable to find atom_tree atom for this Rosetta branch connection angle: residue 96 BRANCH 1
core.pose.util: [ WARNING ] Unable to find atom_tree atom for this Rosetta branch connection angle: residue 168 BRANCH 1
core.pose.util: [ WARNING ] Unable to find atom_tree atom for this Rosetta branch connection angle: residue 178 BRANCH 1
core.optimization.Minimizer: [ WARNING ] LBFGS MAX CYCLES 200 EXCEEDED, BUT FUNC NOT CONVERGED!
protocols.relax.FastRelax: CMD: min  -683.97  0.0658953  0.0658953  0.55
protocols.relax.FastRelax: MRP: 0  -683.97  -683.97  0.0658953  0.0658953  
protocols.relax.FastRelax: CMD: accept_to_best  -683.97  0.0658953  0.0658953  0.55
protocols.relax.FastRelax: CMD: endrepeat  -683.97  0.0658953  0.0658953  0.55
protocols.relax.FastRelax: CMD: coord_cst_weight  -683.97  0.0658953  0.0658953  0.55
protocols.relax.FastRelax: CMD: scale:fa_rep  -834.066  0.0658953  0.0658953  0.022
core.pack.task: Packer task: initialize from command line() 
core.pack.pack_rotamers: built 4027 rotamers at 321 positions.
core.pack.interaction_graph.interaction_graph_factory: Instantiating DensePDInteractionGraph
protocols.relax.FastRelax: CMD: repack  -841.666  0.0658953  0.0658953  0.022
protocols.relax.FastRelax: CMD: scale:fa_rep  -838.88  0.0658953  0.0658953  0.02805
core.pose.util: [ WARNING ] Unable to find atom_tree atom for this Rosetta branch connection angle: residue 4 BRANCH 1
core.pose.util: [ WARNING ] Unable to find atom_tree atom for this Rosetta branch connection angle: residue 96 BRANCH 1
core.pose.util: [ WARNING ] Unable to find atom_tree atom for this Rosetta branch connection angle: residue 168 BRANCH 1
core.pose.util: [ WARNING ] Unable to find atom_tree atom for this Rosetta branch connection angle: residue 178 BRANCH 1
protocols.relax.FastRelax: CMD: min  -894.81  0.0786713  0.0786713  0.02805
protocols.relax.FastRelax: CMD: coord_cst_weight  -894.81  0.0786713  0.0786713  0.02805
protocols.relax.FastRelax: CMD: scale:fa_rep  -800.12  0.0786713  0.0786713  0.14575
core.pack.task: Packer task: initialize from command line() 
core.pack.pack_rotamers: built 3834 rotamers at 321 positions.
core.pack.interaction_graph.interaction_graph_factory: Instantiating DensePDInteractionGraph
protocols.relax.FastRelax: CMD: repack  -800.17  0.0786713  0.0786713  0.14575
protocols.relax.FastRelax: CMD: scale:fa_rep  -793.565  0.0786713  0.0786713  0.154
core.pose.util: [ WARNING ] Unable to find atom_tree atom for this Rosetta branch connection angle: residue 4 BRANCH 1
core.pose.util: [ WARNING ] Unable to find atom_tree atom for this Rosetta branch connection angle: residue 96 BRANCH 1
core.pose.util: [ WARNING ] Unable to find atom_tree atom for this Rosetta branch connection angle: residue 168 BRANCH 1
core.pose.util: [ WARNING ] Unable to find atom_tree atom for this Rosetta branch connection angle: residue 178 BRANCH 1
protocols.relax.FastRelax: CMD: min  -822.771  0.0721488  0.0721488  0.154
protocols.relax.FastRelax: CMD: coord_cst_weight  -822.771  0.0721488  0.0721488  0.154
protocols.relax.FastRelax: CMD: scale:fa_rep  -751.821  0.0721488  0.0721488  0.30745
core.pack.task: Packer task: initialize from command line() 
core.pack.pack_rotamers: built 3755 rotamers at 321 positions.
core.pack.interaction_graph.interaction_graph_factory: Instantiating DensePDInteractionGraph
protocols.relax.FastRelax: CMD: repack  -751.821  0.0721488  0.0721488  0.30745
protocols.relax.FastRelax: CMD: scale:fa_rep  -746.226  0.0721488  0.0721488  0.31955
core.pose.util: [ WARNING ] Unable to find atom_tree atom for this Rosetta branch connection angle: residue 4 BRANCH 1
core.pose.util: [ WARNING ] Unable to find atom_tree atom for this Rosetta branch connection angle: residue 96 BRANCH 1
core.pose.util: [ WARNING ] Unable to find atom_tree atom for this Rosetta branch connection angle: residue 168 BRANCH 1
core.pose.util: [ WARNING ] Unable to find atom_tree atom for this Rosetta branch connection angle: residue 178 BRANCH 1
protocols.relax.FastRelax: CMD: min  -756.483  0.0682662  0.0682662  0.31955
protocols.relax.FastRelax: CMD: coord_cst_weight  -756.483  0.0682662  0.0682662  0.31955
protocols.relax.FastRelax: CMD: scale:fa_rep  -674.791  0.0682662  0.0682662  0.55
core.pack.task: Packer task: initialize from command line() 
core.pack.pack_rotamers: built 3654 rotamers at 321 positions.
core.pack.interaction_graph.interaction_graph_factory: Instantiating DensePDInteractionGraph
protocols.relax.FastRelax: CMD: repack  -674.791  0.0682662  0.0682662  0.55
core.pose.util: [ WARNING ] Unable to find atom_tree atom for this Rosetta branch connection angle: residue 4 BRANCH 1
core.pose.util: [ WARNING ] Unable to find atom_tree atom for this Rosetta branch connection angle: residue 96 BRANCH 1
core.pose.util: [ WARNING ] Unable to find atom_tree atom for this Rosetta branch connection angle: residue 168 BRANCH 1
core.pose.util: [ WARNING ] Unable to find atom_tree atom for this Rosetta branch connection angle: residue 178 BRANCH 1
core.optimization.Minimizer: [ WARNING ] LBFGS MAX CYCLES 200 EXCEEDED, BUT FUNC NOT CONVERGED!
protocols.relax.FastRelax: CMD: min  -683.992  0.0659253  0.0659253  0.55
protocols.relax.FastRelax: MRP: 1  -683.992  -683.992  0.0659253  0.0659253  
protocols.relax.FastRelax: CMD: accept_to_best  -683.992  0.0659253  0.0659253  0.55
protocols.relax.FastRelax: CMD: endrepeat  -683.992  0.0659253  0.0659253  0.55
protocols.relax.FastRelax: CMD: coord_cst_weight  -683.992  0.0659253  0.0659253  0.55
protocols.relax.FastRelax: CMD: scale:fa_rep  -834.452  0.0659253  0.0659253  0.022
core.pack.task: Packer task: initialize from command line() 
core.pack.pack_rotamers: built 4023 rotamers at 321 positions.
core.pack.interaction_graph.interaction_graph_factory: Instantiating DensePDInteractionGraph
protocols.relax.FastRelax: CMD: repack  -842.009  0.0659253  0.0659253  0.022
protocols.relax.FastRelax: CMD: scale:fa_rep  -839.234  0.0659253  0.0659253  0.02805
core.pose.util: [ WARNING ] Unable to find atom_tree atom for this Rosetta branch connection angle: residue 4 BRANCH 1
core.pose.util: [ WARNING ] Unable to find atom_tree atom for this Rosetta branch connection angle: residue 96 BRANCH 1
core.pose.util: [ WARNING ] Unable to find atom_tree atom for this Rosetta branch connection angle: residue 168 BRANCH 1
core.pose.util: [ WARNING ] Unable to find atom_tree atom for this Rosetta branch connection angle: residue 178 BRANCH 1
protocols.relax.FastRelax: CMD: min  -894.812  0.0786128  0.0786128  0.02805
protocols.relax.FastRelax: CMD: coord_cst_weight  -894.812  0.0786128  0.0786128  0.02805
protocols.relax.FastRelax: CMD: scale:fa_rep  -800.262  0.0786128  0.0786128  0.14575
core.pack.task: Packer task: initialize from command line() 
core.pack.pack_rotamers: built 3830 rotamers at 321 positions.
core.pack.interaction_graph.interaction_graph_factory: Instantiating DensePDInteractionGraph
protocols.relax.FastRelax: CMD: repack  -800.315  0.0786128  0.0786128  0.14575
protocols.relax.FastRelax: CMD: scale:fa_rep  -793.719  0.0786128  0.0786128  0.154
core.pose.util: [ WARNING ] Unable to find atom_tree atom for this Rosetta branch connection angle: residue 4 BRANCH 1
core.pose.util: [ WARNING ] Unable to find atom_tree atom for this Rosetta branch connection angle: residue 96 BRANCH 1
core.pose.util: [ WARNING ] Unable to find atom_tree atom for this Rosetta branch connection angle: residue 168 BRANCH 1
core.pose.util: [ WARNING ] Unable to find atom_tree atom for this Rosetta branch connection angle: residue 178 BRANCH 1
protocols.relax.FastRelax: CMD: min  -822.779  0.0721076  0.0721076  0.154
protocols.relax.FastRelax: CMD: coord_cst_weight  -822.779  0.0721076  0.0721076  0.154
protocols.relax.FastRelax: CMD: scale:fa_rep  -751.843  0.0721076  0.0721076  0.30745
core.pack.task: Packer task: initialize from command line() 
core.pack.pack_rotamers: built 3757 rotamers at 321 positions.
core.pack.interaction_graph.interaction_graph_factory: Instantiating DensePDInteractionGraph
protocols.relax.FastRelax: CMD: repack  -751.843  0.0721076  0.0721076  0.30745
protocols.relax.FastRelax: CMD: scale:fa_rep  -746.25  0.0721076  0.0721076  0.31955
core.pose.util: [ WARNING ] Unable to find atom_tree atom for this Rosetta branch connection angle: residue 4 BRANCH 1
core.pose.util: [ WARNING ] Unable to find atom_tree atom for this Rosetta branch connection angle: residue 96 BRANCH 1
core.pose.util: [ WARNING ] Unable to find atom_tree atom for this Rosetta branch connection angle: residue 168 BRANCH 1
core.pose.util: [ WARNING ] Unable to find atom_tree atom for this Rosetta branch connection angle: residue 178 BRANCH 1
protocols.relax.FastRelax: CMD: min  -756.472  0.0683141  0.0683141  0.31955
protocols.relax.FastRelax: CMD: coord_cst_weight  -756.472  0.0683141  0.0683141  0.31955
protocols.relax.FastRelax: CMD: scale:fa_rep  -674.753  0.0683141  0.0683141  0.55
core.pack.task: Packer task: initialize from command line() 
core.pack.pack_rotamers: built 3653 rotamers at 321 positions.
core.pack.interaction_graph.interaction_graph_factory: Instantiating DensePDInteractionGraph
protocols.relax.FastRelax: CMD: repack  -674.753  0.0683141  0.0683141  0.55
core.pose.util: [ WARNING ] Unable to find atom_tree atom for this Rosetta branch connection angle: residue 4 BRANCH 1
core.pose.util: [ WARNING ] Unable to find atom_tree atom for this Rosetta branch connection angle: residue 96 BRANCH 1
core.pose.util: [ WARNING ] Unable to find atom_tree atom for this Rosetta branch connection angle: residue 168 BRANCH 1
core.pose.util: [ WARNING ] Unable to find atom_tree atom for this Rosetta branch connection angle: residue 178 BRANCH 1
core.optimization.Minimizer: [ WARNING ] LBFGS MAX CYCLES 200 EXCEEDED, BUT FUNC NOT CONVERGED!
protocols.relax.FastRelax: CMD: min  -683.995  0.0658818  0.0658818  0.55
protocols.relax.FastRelax: MRP: 2  -683.995  -683.995  0.0658818  0.0658818  
protocols.relax.FastRelax: CMD: accept_to_best  -683.995  0.0658818  0.0658818  0.55
protocols.relax.FastRelax: CMD: endrepeat  -683.995  0.0658818  0.0658818  0.55
protocols.relax.FastRelax: CMD: coord_cst_weight  -683.995  0.0658818  0.0658818  0.55
protocols.relax.FastRelax: CMD: scale:fa_rep  -834.286  0.0658818  0.0658818  0.022
core.pack.task: Packer task: initialize from command line() 
core.pack.pack_rotamers: built 4028 rotamers at 321 positions.
core.pack.interaction_graph.interaction_graph_factory: Instantiating DensePDInteractionGraph
protocols.relax.FastRelax: CMD: repack  -841.878  0.0658818  0.0658818  0.022
protocols.relax.FastRelax: CMD: scale:fa_rep  -839.065  0.0658818  0.0658818  0.02805
core.pose.util: [ WARNING ] Unable to find atom_tree atom for this Rosetta branch connection angle: residue 4 BRANCH 1
core.pose.util: [ WARNING ] Unable to find atom_tree atom for this Rosetta branch connection angle: residue 96 BRANCH 1
core.pose.util: [ WARNING ] Unable to find atom_tree atom for this Rosetta branch connection angle: residue 168 BRANCH 1
core.pose.util: [ WARNING ] Unable to find atom_tree atom for this Rosetta branch connection angle: residue 178 BRANCH 1
protocols.relax.FastRelax: CMD: min  -894.787  0.0783974  0.0783974  0.02805
protocols.relax.FastRelax: CMD: coord_cst_weight  -894.787  0.0783974  0.0783974  0.02805
protocols.relax.FastRelax: CMD: scale:fa_rep  -800.331  0.0783974  0.0783974  0.14575
core.pack.task: Packer task: initialize from command line() 
core.pack.pack_rotamers: built 3836 rotamers at 321 positions.
core.pack.interaction_graph.interaction_graph_factory: Instantiating DensePDInteractionGraph
protocols.relax.FastRelax: CMD: repack  -800.383  0.0783974  0.0783974  0.14575
protocols.relax.FastRelax: CMD: scale:fa_rep  -793.794  0.0783974  0.0783974  0.154
core.pose.util: [ WARNING ] Unable to find atom_tree atom for this Rosetta branch connection angle: residue 4 BRANCH 1
core.pose.util: [ WARNING ] Unable to find atom_tree atom for this Rosetta branch connection angle: residue 96 BRANCH 1
core.pose.util: [ WARNING ] Unable to find atom_tree atom for this Rosetta branch connection angle: residue 168 BRANCH 1
core.pose.util: [ WARNING ] Unable to find atom_tree atom for this Rosetta branch connection angle: residue 178 BRANCH 1
protocols.relax.FastRelax: CMD: min  -822.761  0.07218  0.07218  0.154
protocols.relax.FastRelax: CMD: coord_cst_weight  -822.761  0.07218  0.07218  0.154
protocols.relax.FastRelax: CMD: scale:fa_rep  -751.866  0.07218  0.07218  0.30745
core.pack.task: Packer task: initialize from command line() 
core.pack.pack_rotamers: built 3757 rotamers at 321 positions.
core.pack.interaction_graph.interaction_graph_factory: Instantiating DensePDInteractionGraph
protocols.relax.FastRelax: CMD: repack  -751.866  0.07218  0.07218  0.30745
protocols.relax.FastRelax: CMD: scale:fa_rep  -746.276  0.07218  0.07218  0.31955
core.pose.util: [ WARNING ] Unable to find atom_tree atom for this Rosetta branch connection angle: residue 4 BRANCH 1
core.pose.util: [ WARNING ] Unable to find atom_tree atom for this Rosetta branch connection angle: residue 96 BRANCH 1
core.pose.util: [ WARNING ] Unable to find atom_tree atom for this Rosetta branch connection angle: residue 168 BRANCH 1
core.pose.util: [ WARNING ] Unable to find atom_tree atom for this Rosetta branch connection angle: residue 178 BRANCH 1
protocols.relax.FastRelax: CMD: min  -756.477  0.0683248  0.0683248  0.31955
protocols.relax.FastRelax: CMD: coord_cst_weight  -756.477  0.0683248  0.0683248  0.31955
protocols.relax.FastRelax: CMD: scale:fa_rep  -674.726  0.0683248  0.0683248  0.55
core.pack.task: Packer task: initialize from command line() 
core.pack.pack_rotamers: built 3654 rotamers at 321 positions.
core.pack.interaction_graph.interaction_graph_factory: Instantiating DensePDInteractionGraph
protocols.relax.FastRelax: CMD: repack  -674.726  0.0683248  0.0683248  0.55
core.pose.util: [ WARNING ] Unable to find atom_tree atom for this Rosetta branch connection angle: residue 4 BRANCH 1
core.pose.util: [ WARNING ] Unable to find atom_tree atom for this Rosetta branch connection angle: residue 96 BRANCH 1
core.pose.util: [ WARNING ] Unable to find atom_tree atom for this Rosetta branch connection angle: residue 168 BRANCH 1
core.pose.util: [ WARNING ] Unable to find atom_tree atom for this Rosetta branch connection angle: residue 178 BRANCH 1
core.optimization.Minimizer: [ WARNING ] LBFGS MAX CYCLES 200 EXCEEDED, BUT FUNC NOT CONVERGED!
protocols.relax.FastRelax: CMD: min  -683.994  0.0658814  0.0658814  0.55
protocols.relax.FastRelax: MRP: 3  -683.994  -683.995  0.0658818  0.0658818  
protocols.relax.FastRelax: CMD: accept_to_best  -683.994  0.0658814  0.0658814  0.55
protocols.relax.FastRelax: CMD: endrepeat  -683.994  0.0658814  0.0658814  0.55
protocols.relax.FastRelax: CMD: coord_cst_weight  -683.994  0.0658814  0.0658814  0.55
protocols.relax.FastRelax: CMD: scale:fa_rep  -834.247  0.0658814  0.0658814  0.022
core.pack.task: Packer task: initialize from command line() 
core.pack.pack_rotamers: built 4025 rotamers at 321 positions.
core.pack.interaction_graph.interaction_graph_factory: Instantiating DensePDInteractionGraph
protocols.relax.FastRelax: CMD: repack  -841.797  0.0658814  0.0658814  0.022
protocols.relax.FastRelax: CMD: scale:fa_rep  -839.002  0.0658814  0.0658814  0.02805
core.pose.util: [ WARNING ] Unable to find atom_tree atom for this Rosetta branch connection angle: residue 4 BRANCH 1
core.pose.util: [ WARNING ] Unable to find atom_tree atom for this Rosetta branch connection angle: residue 96 BRANCH 1
core.pose.util: [ WARNING ] Unable to find atom_tree atom for this Rosetta branch connection angle: residue 168 BRANCH 1
core.pose.util: [ WARNING ] Unable to find atom_tree atom for this Rosetta branch connection angle: residue 178 BRANCH 1
protocols.relax.FastRelax: CMD: min  -894.792  0.0784963  0.0784963  0.02805
protocols.relax.FastRelax: CMD: coord_cst_weight  -894.792  0.0784963  0.0784963  0.02805
protocols.relax.FastRelax: CMD: scale:fa_rep  -799.995  0.0784963  0.0784963  0.14575
core.pack.task: Packer task: initialize from command line() 
core.pack.pack_rotamers: built 3833 rotamers at 321 positions.
core.pack.interaction_graph.interaction_graph_factory: Instantiating DensePDInteractionGraph
protocols.relax.FastRelax: CMD: repack  -800.036  0.0784963  0.0784963  0.14575
protocols.relax.FastRelax: CMD: scale:fa_rep  -793.423  0.0784963  0.0784963  0.154
core.pose.util: [ WARNING ] Unable to find atom_tree atom for this Rosetta branch connection angle: residue 4 BRANCH 1
core.pose.util: [ WARNING ] Unable to find atom_tree atom for this Rosetta branch connection angle: residue 96 BRANCH 1
core.pose.util: [ WARNING ] Unable to find atom_tree atom for this Rosetta branch connection angle: residue 168 BRANCH 1
core.pose.util: [ WARNING ] Unable to find atom_tree atom for this Rosetta branch connection angle: residue 178 BRANCH 1
protocols.relax.FastRelax: CMD: min  -822.764  0.0721494  0.0721494  0.154
protocols.relax.FastRelax: CMD: coord_cst_weight  -822.764  0.0721494  0.0721494  0.154
protocols.relax.FastRelax: CMD: scale:fa_rep  -751.939  0.0721494  0.0721494  0.30745
core.pack.task: Packer task: initialize from command line() 
core.pack.pack_rotamers: built 3754 rotamers at 321 positions.
core.pack.interaction_graph.interaction_graph_factory: Instantiating DensePDInteractionGraph
protocols.relax.FastRelax: CMD: repack  -751.939  0.0721494  0.0721494  0.30745
protocols.relax.FastRelax: CMD: scale:fa_rep  -746.354  0.0721494  0.0721494  0.31955
core.pose.util: [ WARNING ] Unable to find atom_tree atom for this Rosetta branch connection angle: residue 4 BRANCH 1
core.pose.util: [ WARNING ] Unable to find atom_tree atom for this Rosetta branch connection angle: residue 96 BRANCH 1
core.pose.util: [ WARNING ] Unable to find atom_tree atom for this Rosetta branch connection angle: residue 168 BRANCH 1
core.pose.util: [ WARNING ] Unable to find atom_tree atom for this Rosetta branch connection angle: residue 178 BRANCH 1
protocols.relax.FastRelax: CMD: min  -756.468  0.0683299  0.0683299  0.31955
protocols.relax.FastRelax: CMD: coord_cst_weight  -756.468  0.0683299  0.0683299  0.31955
protocols.relax.FastRelax: CMD: scale:fa_rep  -674.682  0.0683299  0.0683299  0.55
core.pack.task: Packer task: initialize from command line() 
core.pack.pack_rotamers: built 3653 rotamers at 321 positions.
core.pack.interaction_graph.interaction_graph_factory: Instantiating DensePDInteractionGraph
protocols.relax.FastRelax: CMD: repack  -674.682  0.0683299  0.0683299  0.55
core.pose.util: [ WARNING ] Unable to find atom_tree atom for this Rosetta branch connection angle: residue 4 BRANCH 1
core.pose.util: [ WARNING ] Unable to find atom_tree atom for this Rosetta branch connection angle: residue 96 BRANCH 1
core.pose.util: [ WARNING ] Unable to find atom_tree atom for this Rosetta branch connection angle: residue 168 BRANCH 1
core.pose.util: [ WARNING ] Unable to find atom_tree atom for this Rosetta branch connection angle: residue 178 BRANCH 1
core.optimization.Minimizer: [ WARNING ] LBFGS MAX CYCLES 200 EXCEEDED, BUT FUNC NOT CONVERGED!
protocols.relax.FastRelax: CMD: min  -683.989  0.0658945  0.0658945  0.55
protocols.relax.FastRelax: MRP: 4  -683.989  -683.995  0.0658818  0.0658818  
protocols.relax.FastRelax: CMD: accept_to_best  -683.989  0.0658945  0.0658945  0.55
protocols.relax.FastRelax: CMD: endrepeat  -683.989  0.0658945  0.0658945  0.55
protocols::checkpoint: Deleting checkpoints of FastRelax
protocols.jd2.JobDistributor: input_0001 reported success in 371 seconds
protocols.jd2.JobDistributor: no more batches to process... 
protocols.jd2.JobDistributor: 1 jobs considered, 1 jobs attempted in 371 seconds
basic.citation_manager.CitationManager: 
The following Rosetta modules were used during this run of Rosetta, and should be cited:

FastRelax Mover's citation(s):
*Tyka MD, *Keedy DA, André I, Dimaio F, Song Y, Richardson DC, Richardson JS, and Baker D.  (2011).  Alternate states of proteins revealed by detailed energy landscape mapping.  J Mol Biol 405(2):607-18.  doi: 10.1016/j.jmb.2010.11.008.  (*Co-primary authors.)

Khatib F, Cooper S, Tyka MD, Xu K, Makedon I, Popovic Z, Baker D, and Players F.  (2011).  Algorithm discovery by protein folding game players.  Proc Natl Acad Sci USA 108(47):18949-53.  doi: 10.1073/pnas.1115898108.

Maguire JB, Haddox HK, Strickland D, Halabiya SF, Coventry B, Griffin JR, Pulavarti SVSRK, Cummins M, Thieker DF, Klavins E, Szyperski T, DiMaio F, Baker D, and Kuhlman B.  (2021).  Perturbing the energy landscape for improved packing during computational protein design.  Proteins 89(4):436-449.  doi: 10.1002/prot.26030.


