core.init: Checking for fconfig files in pwd and ./rosetta/flags 
core.init: Rosetta version: 2023.21+HEAD.0bdfc78df2 0bdfc78df24f1a9621def6e20b0941151b3c791b git@github.com:RosettaCommons/rosetta.git 2023-05-26T08:14:51
core.init: command: /usr/local/bin/relax -no_color -multiple_processes_writing_to_one_directory @0.relax.flags
basic.random.init_random_generator: 'RNG device' seed mode, using '/dev/urandom', seed=1898324622 seed_offset=0 real_seed=1898324622
basic.random.init_random_generator: RandomGenerator:init: Normal mode, seed=1898324622 RG_type=mt19937
core.init: found database environment variable ROSETTA3_DB: /usr/local/database
core.scoring.ScoreFunctionFactory: SCOREFUNCTION: ref2015_cart
core.scoring.etable: Starting energy table calculation
core.scoring.etable: smooth_etable: changing atr/rep split to bottom of energy well
core.scoring.etable: smooth_etable: spline smoothing lj etables (maxdis = 6)
core.scoring.etable: smooth_etable: spline smoothing solvation etables (max_dis = 6)
core.scoring.etable: Finished calculating energy tables.
basic.io.database: Database file opened: scoring/score_functions/hbonds/ref2015_params/HBPoly1D.csv
basic.io.database: Database file opened: scoring/score_functions/hbonds/ref2015_params/HBFadeIntervals.csv
basic.io.database: Database file opened: scoring/score_functions/hbonds/ref2015_params/HBEval.csv
basic.io.database: Database file opened: scoring/score_functions/hbonds/ref2015_params/DonStrength.csv
basic.io.database: Database file opened: scoring/score_functions/hbonds/ref2015_params/AccStrength.csv
core.chemical.GlobalResidueTypeSet: Finished initializing fa_standard residue type set.  Created 985 residue types
core.chemical.GlobalResidueTypeSet: Total time to initialize 0.707809 seconds.
basic.io.database: Database file opened: scoring/score_functions/rama/fd/all.ramaProb
basic.io.database: Database file opened: scoring/score_functions/rama/fd/prepro.ramaProb
basic.io.database: Database file opened: scoring/score_functions/omega/omega_ppdep.all.txt
basic.io.database: Database file opened: scoring/score_functions/omega/omega_ppdep.gly.txt
basic.io.database: Database file opened: scoring/score_functions/omega/omega_ppdep.pro.txt
basic.io.database: Database file opened: scoring/score_functions/omega/omega_ppdep.valile.txt
basic.io.database: Database file opened: scoring/score_functions/P_AA_pp/P_AA
basic.io.database: Database file opened: scoring/score_functions/P_AA_pp/P_AA_n
core.scoring.P_AA: shapovalov_lib::shap_p_aa_pp_smooth_level of 1( aka low_smooth ) got activated.
basic.io.database: Database file opened: scoring/score_functions/P_AA_pp/shapovalov/10deg/kappa131/a20.prop
core.energy_methods.CartesianBondedEnergy: Initializing IdealParametersDatabase with default Ks=300 , 80 , 80 , 10 , 80
basic.io.database: Database file opened: scoring/score_functions/bondlength_bondangle/default-lengths.txt
core.energy_methods.CartesianBondedEnergy: Read 759 bb-independent lengths.
basic.io.database: Database file opened: scoring/score_functions/bondlength_bondangle/default-angles.txt
core.energy_methods.CartesianBondedEnergy: Read 1434 bb-independent angles.
basic.io.database: Database file opened: scoring/score_functions/bondlength_bondangle/default-torsions.txt
core.energy_methods.CartesianBondedEnergy: Read 1 bb-independent torsions.
basic.io.database: Database file opened: scoring/score_functions/bondlength_bondangle/default-improper.txt
core.energy_methods.CartesianBondedEnergy: Read 529 bb-independent improper tors.
protocols.relax.RelaxScriptManager: Reading relax scripts list from database.
protocols.relax.RelaxScriptManager: Looking for MonomerRelax2019.txt
protocols.relax.RelaxScriptManager: ================== Reading script file: /usr/local/database/sampling/relax_scripts/MonomerRelax2019.txt ==================
protocols.relax.RelaxScriptManager: repeat %%nrepeats%%
protocols.relax.RelaxScriptManager: coord_cst_weight 1.0
protocols.relax.RelaxScriptManager: scale:fa_rep 0.040
protocols.relax.RelaxScriptManager: repack
protocols.relax.RelaxScriptManager: scale:fa_rep 0.051
protocols.relax.RelaxScriptManager: min 0.01
protocols.relax.RelaxScriptManager: coord_cst_weight 0.5
protocols.relax.RelaxScriptManager: scale:fa_rep 0.265
protocols.relax.RelaxScriptManager: repack
protocols.relax.RelaxScriptManager: scale:fa_rep 0.280
protocols.relax.RelaxScriptManager: min 0.01
protocols.relax.RelaxScriptManager: coord_cst_weight 0.0
protocols.relax.RelaxScriptManager: scale:fa_rep 0.559
protocols.relax.RelaxScriptManager: repack
protocols.relax.RelaxScriptManager: scale:fa_rep 0.581
protocols.relax.RelaxScriptManager: min 0.01
protocols.relax.RelaxScriptManager: coord_cst_weight 0.0
protocols.relax.RelaxScriptManager: scale:fa_rep 1
protocols.relax.RelaxScriptManager: repack
protocols.relax.RelaxScriptManager: min 0.00001
protocols.relax.RelaxScriptManager: accept_to_best
protocols.relax.RelaxScriptManager: endrepeat
protocols.jd2.PDBJobInputter: Instantiate PDBJobInputter
protocols.jd2.PDBJobInputter: PDBJobInputter::fill_jobs
protocols.jd2.PDBJobInputter: pushed input.pdb nstruct index 1
protocols.evaluation.ChiWellRmsdEvaluatorCreator: Evaluation Creator active ... 
protocols.jd2.PDBJobInputter: PDBJobInputter::pose_from_job
protocols.jd2.PDBJobInputter: filling pose from PDB input.pdb
core.import_pose.import_pose: File 'input.pdb' automatically determined to be of type PDB
core.conformation.Conformation: Found disulfide between residues 107 189
core.conformation.Conformation: Found disulfide between residues 179 199
core.energy_methods.CartesianBondedEnergy: Creating new peptide-bonded energy container (322)
basic.io.database: Database file opened: scoring/score_functions/elec_cp_reps.dat
core.scoring.elec.util: Read 40 countpair representative atoms
core.energy_methods.CartesianBondedEnergy: Adding undefined angle PRO: CD,NV,CAV to DB with theta0 = 1.99196 , Ktheta = 80
core.energy_methods.CartesianBondedEnergy: Adding undefined angle PRO: CD,NV,1H to DB with theta0 = 1.91114 , Ktheta = 80
core.energy_methods.CartesianBondedEnergy: Adding undefined angle PRO: CD,NV,2H to DB with theta0 = 1.91114 , Ktheta = 80
core.energy_methods.CartesianBondedEnergy: Adding undefined angle PRO: CAV,NV,1H to DB with theta0 = 1.86886 , Ktheta = 80
core.energy_methods.CartesianBondedEnergy: Adding undefined angle PRO: CAV,NV,2H to DB with theta0 = 1.86886 , Ktheta = 80
core.energy_methods.CartesianBondedEnergy: Adding undefined angle PRO: 1H,NV,2H to DB with theta0 = 1.91013 , Ktheta = 80
core.energy_methods.CartesianBondedEnergy: Adding undefined length PRO: NV,CAV, to DB with d0 = 1.38302 , Kd = 300
core.energy_methods.CartesianBondedEnergy: Adding undefined length PRO: NV,1H, to DB with d0 = 1 , Kd = 300
core.energy_methods.CartesianBondedEnergy: Adding undefined length PRO: NV,2H, to DB with d0 = 1 , Kd = 300
core.pack.dunbrack.RotamerLibrary: shapovalov_lib_fixes_enable option is true.
core.pack.dunbrack.RotamerLibrary: shapovalov_lib::shap_dun10_smooth_level of 1( aka lowest_smooth ) got activated.
core.pack.dunbrack.RotamerLibrary: Binary rotamer library selected: /usr/local/database/rotamer/shapovalov/StpDwn_0-0-0/Dunbrack10.lib.bin
core.pack.dunbrack.RotamerLibrary: Using Dunbrack library binary file '/usr/local/database/rotamer/shapovalov/StpDwn_0-0-0/Dunbrack10.lib.bin'.
core.pack.dunbrack.RotamerLibrary: Dunbrack 2010 library took 1.09806 seconds to load from binary
core.energy_methods.CartesianBondedEnergy: Adding undefined angle VRT: X,ORIG,Y to DB with theta0 = 1.5708 , Ktheta = 80
core.energy_methods.CartesianBondedEnergy: Adding undefined length VRT: ORIG,X, to DB with d0 = 1 , Kd = 300
core.energy_methods.CartesianBondedEnergy: Adding undefined length VRT: ORIG,Y, to DB with d0 = 1 , Kd = 300
protocols.relax.FastRelax: CMD: repeat  2746.81  0  0  0.55
protocols.relax.FastRelax: CMD: coord_cst_weight  2746.81  0  0  0.55
protocols.relax.FastRelax: CMD: scale:fa_rep  2562.08  0  0  0.022
core.pack.task: Packer task: initialize from command line() 
core.pack.pack_rotamers: built 4036 rotamers at 322 positions.
core.pack.interaction_graph.interaction_graph_factory: Instantiating DensePDInteractionGraph
protocols.relax.FastRelax: CMD: repack  -546.407  0  0  0.022
protocols.relax.FastRelax: CMD: scale:fa_rep  -533.794  0  0  0.02805
core.pose.util: [ WARNING ] Unable to find atom_tree atom for this Rosetta branch connection angle: residue 107 BRANCH 1
core.pose.util: [ WARNING ] Unable to find atom_tree atom for this Rosetta branch connection angle: residue 179 BRANCH 1
core.pose.util: [ WARNING ] Unable to find atom_tree atom for this Rosetta branch connection angle: residue 189 BRANCH 1
core.pose.util: [ WARNING ] Unable to find atom_tree atom for this Rosetta branch connection angle: residue 199 BRANCH 1
core.optimization.Minimizer: [ WARNING ] LBFGS MAX CYCLES 200 EXCEEDED, BUT FUNC NOT CONVERGED!
protocols.relax.FastRelax: CMD: min  -1117.33  0.138537  0.138537  0.02805
protocols.relax.FastRelax: CMD: coord_cst_weight  -1117.33  0.138537  0.138537  0.02805
protocols.relax.FastRelax: CMD: scale:fa_rep  -864.758  0.138537  0.138537  0.14575
core.pack.task: Packer task: initialize from command line() 
core.pack.pack_rotamers: built 3822 rotamers at 322 positions.
core.pack.interaction_graph.interaction_graph_factory: Instantiating DensePDInteractionGraph
protocols.relax.FastRelax: CMD: repack  -887.602  0.138537  0.138537  0.14575
protocols.relax.FastRelax: CMD: scale:fa_rep  -872.957  0.138537  0.138537  0.154
core.pose.util: [ WARNING ] Unable to find atom_tree atom for this Rosetta branch connection angle: residue 107 BRANCH 1
core.pose.util: [ WARNING ] Unable to find atom_tree atom for this Rosetta branch connection angle: residue 179 BRANCH 1
core.pose.util: [ WARNING ] Unable to find atom_tree atom for this Rosetta branch connection angle: residue 189 BRANCH 1
core.pose.util: [ WARNING ] Unable to find atom_tree atom for this Rosetta branch connection angle: residue 199 BRANCH 1
core.optimization.Minimizer: [ WARNING ] LBFGS MAX CYCLES 200 EXCEEDED, BUT FUNC NOT CONVERGED!
protocols.relax.FastRelax: CMD: min  -993.142  0.118881  0.118881  0.154
protocols.relax.FastRelax: CMD: coord_cst_weight  -993.142  0.118881  0.118881  0.154
protocols.relax.FastRelax: CMD: scale:fa_rep  -885.453  0.118881  0.118881  0.30745
core.pack.task: Packer task: initialize from command line() 
core.pack.pack_rotamers: built 3664 rotamers at 322 positions.
core.pack.interaction_graph.interaction_graph_factory: Instantiating DensePDInteractionGraph
protocols.relax.FastRelax: CMD: repack  -885.485  0.118881  0.118881  0.30745
protocols.relax.FastRelax: CMD: scale:fa_rep  -877.014  0.118881  0.118881  0.31955
core.pose.util: [ WARNING ] Unable to find atom_tree atom for this Rosetta branch connection angle: residue 107 BRANCH 1
core.pose.util: [ WARNING ] Unable to find atom_tree atom for this Rosetta branch connection angle: residue 179 BRANCH 1
core.pose.util: [ WARNING ] Unable to find atom_tree atom for this Rosetta branch connection angle: residue 189 BRANCH 1
core.pose.util: [ WARNING ] Unable to find atom_tree atom for this Rosetta branch connection angle: residue 199 BRANCH 1
core.optimization.Minimizer: [ WARNING ] LBFGS MAX CYCLES 200 EXCEEDED, BUT FUNC NOT CONVERGED!
protocols.relax.FastRelax: CMD: min  -902.739  0.111152  0.111152  0.31955
protocols.relax.FastRelax: CMD: coord_cst_weight  -902.739  0.111152  0.111152  0.31955
protocols.relax.FastRelax: CMD: scale:fa_rep  -799.146  0.111152  0.111152  0.55
core.pack.task: Packer task: initialize from command line() 
core.pack.pack_rotamers: built 3597 rotamers at 322 positions.
core.pack.interaction_graph.interaction_graph_factory: Instantiating DensePDInteractionGraph
protocols.relax.FastRelax: CMD: repack  -799.146  0.111152  0.111152  0.55
core.pose.util: [ WARNING ] Unable to find atom_tree atom for this Rosetta branch connection angle: residue 107 BRANCH 1
core.pose.util: [ WARNING ] Unable to find atom_tree atom for this Rosetta branch connection angle: residue 179 BRANCH 1
core.pose.util: [ WARNING ] Unable to find atom_tree atom for this Rosetta branch connection angle: residue 189 BRANCH 1
core.pose.util: [ WARNING ] Unable to find atom_tree atom for this Rosetta branch connection angle: residue 199 BRANCH 1
core.optimization.Minimizer: [ WARNING ] LBFGS MAX CYCLES 200 EXCEEDED, BUT FUNC NOT CONVERGED!
protocols.relax.FastRelax: CMD: min  -814.83  0.107165  0.107165  0.55
protocols.relax.FastRelax: MRP: 0  -814.83  -814.83  0.107165  0.107165  
protocols.relax.FastRelax: CMD: accept_to_best  -814.83  0.107165  0.107165  0.55
protocols.relax.FastRelax: CMD: endrepeat  -814.83  0.107165  0.107165  0.55
protocols.relax.FastRelax: CMD: coord_cst_weight  -814.83  0.107165  0.107165  0.55
protocols.relax.FastRelax: CMD: scale:fa_rep  -987.939  0.107165  0.107165  0.022
core.pack.task: Packer task: initialize from command line() 
core.pack.pack_rotamers: built 3935 rotamers at 322 positions.
core.pack.interaction_graph.interaction_graph_factory: Instantiating DensePDInteractionGraph
protocols.relax.FastRelax: CMD: repack  -1017.28  0.107165  0.107165  0.022
protocols.relax.FastRelax: CMD: scale:fa_rep  -1011.21  0.107165  0.107165  0.02805
core.pose.util: [ WARNING ] Unable to find atom_tree atom for this Rosetta branch connection angle: residue 107 BRANCH 1
core.pose.util: [ WARNING ] Unable to find atom_tree atom for this Rosetta branch connection angle: residue 179 BRANCH 1
core.pose.util: [ WARNING ] Unable to find atom_tree atom for this Rosetta branch connection angle: residue 189 BRANCH 1
core.pose.util: [ WARNING ] Unable to find atom_tree atom for this Rosetta branch connection angle: residue 199 BRANCH 1
core.optimization.Minimizer: [ WARNING ] LBFGS MAX CYCLES 200 EXCEEDED, BUT FUNC NOT CONVERGED!
protocols.relax.FastRelax: CMD: min  -1135.27  0.142128  0.142128  0.02805
protocols.relax.FastRelax: CMD: coord_cst_weight  -1135.27  0.142128  0.142128  0.02805
protocols.relax.FastRelax: CMD: scale:fa_rep  -881.403  0.142128  0.142128  0.14575
core.pack.task: Packer task: initialize from command line() 
core.pack.pack_rotamers: built 3760 rotamers at 322 positions.
core.pack.interaction_graph.interaction_graph_factory: Instantiating DensePDInteractionGraph
protocols.relax.FastRelax: CMD: repack  -898.49  0.142128  0.142128  0.14575
protocols.relax.FastRelax: CMD: scale:fa_rep  -883.412  0.142128  0.142128  0.154
core.pose.util: [ WARNING ] Unable to find atom_tree atom for this Rosetta branch connection angle: residue 107 BRANCH 1
core.pose.util: [ WARNING ] Unable to find atom_tree atom for this Rosetta branch connection angle: residue 179 BRANCH 1
core.pose.util: [ WARNING ] Unable to find atom_tree atom for this Rosetta branch connection angle: residue 189 BRANCH 1
core.pose.util: [ WARNING ] Unable to find atom_tree atom for this Rosetta branch connection angle: residue 199 BRANCH 1
core.optimization.Minimizer: [ WARNING ] LBFGS MAX CYCLES 200 EXCEEDED, BUT FUNC NOT CONVERGED!
protocols.relax.FastRelax: CMD: min  -997.378  0.12069  0.12069  0.154
protocols.relax.FastRelax: CMD: coord_cst_weight  -997.378  0.12069  0.12069  0.154
protocols.relax.FastRelax: CMD: scale:fa_rep  -888.938  0.12069  0.12069  0.30745
core.pack.task: Packer task: initialize from command line() 
core.pack.pack_rotamers: built 3650 rotamers at 322 positions.
core.pack.interaction_graph.interaction_graph_factory: Instantiating DensePDInteractionGraph
protocols.relax.FastRelax: CMD: repack  -888.982  0.12069  0.12069  0.30745
protocols.relax.FastRelax: CMD: scale:fa_rep  -880.453  0.12069  0.12069  0.31955
core.pose.util: [ WARNING ] Unable to find atom_tree atom for this Rosetta branch connection angle: residue 107 BRANCH 1
core.pose.util: [ WARNING ] Unable to find atom_tree atom for this Rosetta branch connection angle: residue 179 BRANCH 1
core.pose.util: [ WARNING ] Unable to find atom_tree atom for this Rosetta branch connection angle: residue 189 BRANCH 1
core.pose.util: [ WARNING ] Unable to find atom_tree atom for this Rosetta branch connection angle: residue 199 BRANCH 1
core.optimization.Minimizer: [ WARNING ] LBFGS MAX CYCLES 200 EXCEEDED, BUT FUNC NOT CONVERGED!
protocols.relax.FastRelax: CMD: min  -905.683  0.113063  0.113063  0.31955
protocols.relax.FastRelax: CMD: coord_cst_weight  -905.683  0.113063  0.113063  0.31955
protocols.relax.FastRelax: CMD: scale:fa_rep  -800.785  0.113063  0.113063  0.55
core.pack.task: Packer task: initialize from command line() 
core.pack.pack_rotamers: built 3606 rotamers at 322 positions.
core.pack.interaction_graph.interaction_graph_factory: Instantiating DensePDInteractionGraph
protocols.relax.FastRelax: CMD: repack  -800.785  0.113063  0.113063  0.55
core.pose.util: [ WARNING ] Unable to find atom_tree atom for this Rosetta branch connection angle: residue 107 BRANCH 1
core.pose.util: [ WARNING ] Unable to find atom_tree atom for this Rosetta branch connection angle: residue 179 BRANCH 1
core.pose.util: [ WARNING ] Unable to find atom_tree atom for this Rosetta branch connection angle: residue 189 BRANCH 1
core.pose.util: [ WARNING ] Unable to find atom_tree atom for this Rosetta branch connection angle: residue 199 BRANCH 1
core.optimization.Minimizer: [ WARNING ] LBFGS MAX CYCLES 200 EXCEEDED, BUT FUNC NOT CONVERGED!
protocols.relax.FastRelax: CMD: min  -817.275  0.109078  0.109078  0.55
protocols.relax.FastRelax: MRP: 1  -817.275  -817.275  0.109078  0.109078  
protocols.relax.FastRelax: CMD: accept_to_best  -817.275  0.109078  0.109078  0.55
protocols.relax.FastRelax: CMD: endrepeat  -817.275  0.109078  0.109078  0.55
protocols.relax.FastRelax: CMD: coord_cst_weight  -817.275  0.109078  0.109078  0.55
protocols.relax.FastRelax: CMD: scale:fa_rep  -991.226  0.109078  0.109078  0.022
core.pack.task: Packer task: initialize from command line() 
core.pack.pack_rotamers: built 3940 rotamers at 322 positions.
core.pack.interaction_graph.interaction_graph_factory: Instantiating DensePDInteractionGraph
protocols.relax.FastRelax: CMD: repack  -1018.68  0.109078  0.109078  0.022
protocols.relax.FastRelax: CMD: scale:fa_rep  -1012.93  0.109078  0.109078  0.02805
core.pose.util: [ WARNING ] Unable to find atom_tree atom for this Rosetta branch connection angle: residue 107 BRANCH 1
core.pose.util: [ WARNING ] Unable to find atom_tree atom for this Rosetta branch connection angle: residue 179 BRANCH 1
core.pose.util: [ WARNING ] Unable to find atom_tree atom for this Rosetta branch connection angle: residue 189 BRANCH 1
core.pose.util: [ WARNING ] Unable to find atom_tree atom for this Rosetta branch connection angle: residue 199 BRANCH 1
core.optimization.Minimizer: [ WARNING ] LBFGS MAX CYCLES 200 EXCEEDED, BUT FUNC NOT CONVERGED!
protocols.relax.FastRelax: CMD: min  -1135.67  0.142873  0.142873  0.02805
protocols.relax.FastRelax: CMD: coord_cst_weight  -1135.67  0.142873  0.142873  0.02805
protocols.relax.FastRelax: CMD: scale:fa_rep  -881.813  0.142873  0.142873  0.14575
core.pack.task: Packer task: initialize from command line() 
core.pack.pack_rotamers: built 3767 rotamers at 322 positions.
core.pack.interaction_graph.interaction_graph_factory: Instantiating DensePDInteractionGraph
protocols.relax.FastRelax: CMD: repack  -895.061  0.142873  0.142873  0.14575
protocols.relax.FastRelax: CMD: scale:fa_rep  -880.16  0.142873  0.142873  0.154
core.pose.util: [ WARNING ] Unable to find atom_tree atom for this Rosetta branch connection angle: residue 107 BRANCH 1
core.pose.util: [ WARNING ] Unable to find atom_tree atom for this Rosetta branch connection angle: residue 179 BRANCH 1
core.pose.util: [ WARNING ] Unable to find atom_tree atom for this Rosetta branch connection angle: residue 189 BRANCH 1
core.pose.util: [ WARNING ] Unable to find atom_tree atom for this Rosetta branch connection angle: residue 199 BRANCH 1
core.optimization.Minimizer: [ WARNING ] LBFGS MAX CYCLES 200 EXCEEDED, BUT FUNC NOT CONVERGED!
protocols.relax.FastRelax: CMD: min  -997.95  0.122154  0.122154  0.154
protocols.relax.FastRelax: CMD: coord_cst_weight  -997.95  0.122154  0.122154  0.154
protocols.relax.FastRelax: CMD: scale:fa_rep  -889.639  0.122154  0.122154  0.30745
core.pack.task: Packer task: initialize from command line() 
core.pack.pack_rotamers: built 3668 rotamers at 322 positions.
core.pack.interaction_graph.interaction_graph_factory: Instantiating DensePDInteractionGraph
protocols.relax.FastRelax: CMD: repack  -889.684  0.122154  0.122154  0.30745
protocols.relax.FastRelax: CMD: scale:fa_rep  -881.166  0.122154  0.122154  0.31955
core.pose.util: [ WARNING ] Unable to find atom_tree atom for this Rosetta branch connection angle: residue 107 BRANCH 1
core.pose.util: [ WARNING ] Unable to find atom_tree atom for this Rosetta branch connection angle: residue 179 BRANCH 1
core.pose.util: [ WARNING ] Unable to find atom_tree atom for this Rosetta branch connection angle: residue 189 BRANCH 1
core.pose.util: [ WARNING ] Unable to find atom_tree atom for this Rosetta branch connection angle: residue 199 BRANCH 1
core.optimization.Minimizer: [ WARNING ] LBFGS MAX CYCLES 200 EXCEEDED, BUT FUNC NOT CONVERGED!
protocols.relax.FastRelax: CMD: min  -907.045  0.115568  0.115568  0.31955
protocols.relax.FastRelax: CMD: coord_cst_weight  -907.045  0.115568  0.115568  0.31955
protocols.relax.FastRelax: CMD: scale:fa_rep  -801.848  0.115568  0.115568  0.55
core.pack.task: Packer task: initialize from command line() 
core.pack.pack_rotamers: built 3627 rotamers at 322 positions.
core.pack.interaction_graph.interaction_graph_factory: Instantiating DensePDInteractionGraph
protocols.relax.FastRelax: CMD: repack  -801.848  0.115568  0.115568  0.55
core.pose.util: [ WARNING ] Unable to find atom_tree atom for this Rosetta branch connection angle: residue 107 BRANCH 1
core.pose.util: [ WARNING ] Unable to find atom_tree atom for this Rosetta branch connection angle: residue 179 BRANCH 1
core.pose.util: [ WARNING ] Unable to find atom_tree atom for this Rosetta branch connection angle: residue 189 BRANCH 1
core.pose.util: [ WARNING ] Unable to find atom_tree atom for this Rosetta branch connection angle: residue 199 BRANCH 1
core.optimization.Minimizer: [ WARNING ] LBFGS MAX CYCLES 200 EXCEEDED, BUT FUNC NOT CONVERGED!
protocols.relax.FastRelax: CMD: min  -818.845  0.111781  0.111781  0.55
protocols.relax.FastRelax: MRP: 2  -818.845  -818.845  0.111781  0.111781  
protocols.relax.FastRelax: CMD: accept_to_best  -818.845  0.111781  0.111781  0.55
protocols.relax.FastRelax: CMD: endrepeat  -818.845  0.111781  0.111781  0.55
protocols.relax.FastRelax: CMD: coord_cst_weight  -818.845  0.111781  0.111781  0.55
protocols.relax.FastRelax: CMD: scale:fa_rep  -993.925  0.111781  0.111781  0.022
core.pack.task: Packer task: initialize from command line() 
core.pack.pack_rotamers: built 3956 rotamers at 322 positions.
core.pack.interaction_graph.interaction_graph_factory: Instantiating DensePDInteractionGraph
protocols.relax.FastRelax: CMD: repack  -1021.89  0.111781  0.111781  0.022
protocols.relax.FastRelax: CMD: scale:fa_rep  -1016.17  0.111781  0.111781  0.02805
core.pose.util: [ WARNING ] Unable to find atom_tree atom for this Rosetta branch connection angle: residue 107 BRANCH 1
core.pose.util: [ WARNING ] Unable to find atom_tree atom for this Rosetta branch connection angle: residue 179 BRANCH 1
core.pose.util: [ WARNING ] Unable to find atom_tree atom for this Rosetta branch connection angle: residue 189 BRANCH 1
core.pose.util: [ WARNING ] Unable to find atom_tree atom for this Rosetta branch connection angle: residue 199 BRANCH 1
core.optimization.Minimizer: [ WARNING ] LBFGS MAX CYCLES 200 EXCEEDED, BUT FUNC NOT CONVERGED!
protocols.relax.FastRelax: CMD: min  -1137.43  0.144436  0.144436  0.02805
protocols.relax.FastRelax: CMD: coord_cst_weight  -1137.43  0.144436  0.144436  0.02805
protocols.relax.FastRelax: CMD: scale:fa_rep  -885.738  0.144436  0.144436  0.14575
core.pack.task: Packer task: initialize from command line() 
core.pack.pack_rotamers: built 3788 rotamers at 322 positions.
core.pack.interaction_graph.interaction_graph_factory: Instantiating DensePDInteractionGraph
protocols.relax.FastRelax: CMD: repack  -900.603  0.144436  0.144436  0.14575
protocols.relax.FastRelax: CMD: scale:fa_rep  -885.733  0.144436  0.144436  0.154
core.pose.util: [ WARNING ] Unable to find atom_tree atom for this Rosetta branch connection angle: residue 107 BRANCH 1
core.pose.util: [ WARNING ] Unable to find atom_tree atom for this Rosetta branch connection angle: residue 179 BRANCH 1
core.pose.util: [ WARNING ] Unable to find atom_tree atom for this Rosetta branch connection angle: residue 189 BRANCH 1
core.pose.util: [ WARNING ] Unable to find atom_tree atom for this Rosetta branch connection angle: residue 199 BRANCH 1
core.optimization.Minimizer: [ WARNING ] LBFGS MAX CYCLES 200 EXCEEDED, BUT FUNC NOT CONVERGED!
protocols.relax.FastRelax: CMD: min  -1001.35  0.123082  0.123082  0.154
protocols.relax.FastRelax: CMD: coord_cst_weight  -1001.35  0.123082  0.123082  0.154
protocols.relax.FastRelax: CMD: scale:fa_rep  -893.177  0.123082  0.123082  0.30745
core.pack.task: Packer task: initialize from command line() 
core.pack.pack_rotamers: built 3672 rotamers at 322 positions.
core.pack.interaction_graph.interaction_graph_factory: Instantiating DensePDInteractionGraph
protocols.relax.FastRelax: CMD: repack  -891.527  0.123082  0.123082  0.30745
protocols.relax.FastRelax: CMD: scale:fa_rep  -883.012  0.123082  0.123082  0.31955
core.pose.util: [ WARNING ] Unable to find atom_tree atom for this Rosetta branch connection angle: residue 107 BRANCH 1
core.pose.util: [ WARNING ] Unable to find atom_tree atom for this Rosetta branch connection angle: residue 179 BRANCH 1
core.pose.util: [ WARNING ] Unable to find atom_tree atom for this Rosetta branch connection angle: residue 189 BRANCH 1
core.pose.util: [ WARNING ] Unable to find atom_tree atom for this Rosetta branch connection angle: residue 199 BRANCH 1
core.optimization.Minimizer: [ WARNING ] LBFGS MAX CYCLES 200 EXCEEDED, BUT FUNC NOT CONVERGED!
protocols.relax.FastRelax: CMD: min  -911.969  0.114547  0.114547  0.31955
protocols.relax.FastRelax: CMD: coord_cst_weight  -911.969  0.114547  0.114547  0.31955
protocols.relax.FastRelax: CMD: scale:fa_rep  -808.001  0.114547  0.114547  0.55
core.pack.task: Packer task: initialize from command line() 
core.pack.pack_rotamers: built 3610 rotamers at 322 positions.
core.pack.interaction_graph.interaction_graph_factory: Instantiating DensePDInteractionGraph
protocols.relax.FastRelax: CMD: repack  -808.001  0.114547  0.114547  0.55
core.pose.util: [ WARNING ] Unable to find atom_tree atom for this Rosetta branch connection angle: residue 107 BRANCH 1
core.pose.util: [ WARNING ] Unable to find atom_tree atom for this Rosetta branch connection angle: residue 179 BRANCH 1
core.pose.util: [ WARNING ] Unable to find atom_tree atom for this Rosetta branch connection angle: residue 189 BRANCH 1
core.pose.util: [ WARNING ] Unable to find atom_tree atom for this Rosetta branch connection angle: residue 199 BRANCH 1
core.optimization.Minimizer: [ WARNING ] LBFGS MAX CYCLES 200 EXCEEDED, BUT FUNC NOT CONVERGED!
protocols.relax.FastRelax: CMD: min  -824.238  0.110352  0.110352  0.55
protocols.relax.FastRelax: MRP: 3  -824.238  -824.238  0.110352  0.110352  
protocols.relax.FastRelax: CMD: accept_to_best  -824.238  0.110352  0.110352  0.55
protocols.relax.FastRelax: CMD: endrepeat  -824.238  0.110352  0.110352  0.55
protocols.relax.FastRelax: CMD: coord_cst_weight  -824.238  0.110352  0.110352  0.55
protocols.relax.FastRelax: CMD: scale:fa_rep  -997.35  0.110352  0.110352  0.022
core.pack.task: Packer task: initialize from command line() 
core.pack.pack_rotamers: built 3941 rotamers at 322 positions.
core.pack.interaction_graph.interaction_graph_factory: Instantiating DensePDInteractionGraph
protocols.relax.FastRelax: CMD: repack  -1024.02  0.110352  0.110352  0.022
protocols.relax.FastRelax: CMD: scale:fa_rep  -1018.56  0.110352  0.110352  0.02805
core.pose.util: [ WARNING ] Unable to find atom_tree atom for this Rosetta branch connection angle: residue 107 BRANCH 1
core.pose.util: [ WARNING ] Unable to find atom_tree atom for this Rosetta branch connection angle: residue 179 BRANCH 1
core.pose.util: [ WARNING ] Unable to find atom_tree atom for this Rosetta branch connection angle: residue 189 BRANCH 1
core.pose.util: [ WARNING ] Unable to find atom_tree atom for this Rosetta branch connection angle: residue 199 BRANCH 1
core.optimization.Minimizer: [ WARNING ] LBFGS MAX CYCLES 200 EXCEEDED, BUT FUNC NOT CONVERGED!
protocols.relax.FastRelax: CMD: min  -1137.87  0.143871  0.143871  0.02805
protocols.relax.FastRelax: CMD: coord_cst_weight  -1137.87  0.143871  0.143871  0.02805
protocols.relax.FastRelax: CMD: scale:fa_rep  -891.459  0.143871  0.143871  0.14575
core.pack.task: Packer task: initialize from command line() 
core.pack.pack_rotamers: built 3792 rotamers at 322 positions.
core.pack.interaction_graph.interaction_graph_factory: Instantiating DensePDInteractionGraph
protocols.relax.FastRelax: CMD: repack  -908.311  0.143871  0.143871  0.14575
protocols.relax.FastRelax: CMD: scale:fa_rep  -893.812  0.143871  0.143871  0.154
core.pose.util: [ WARNING ] Unable to find atom_tree atom for this Rosetta branch connection angle: residue 107 BRANCH 1
core.pose.util: [ WARNING ] Unable to find atom_tree atom for this Rosetta branch connection angle: residue 179 BRANCH 1
core.pose.util: [ WARNING ] Unable to find atom_tree atom for this Rosetta branch connection angle: residue 189 BRANCH 1
core.pose.util: [ WARNING ] Unable to find atom_tree atom for this Rosetta branch connection angle: residue 199 BRANCH 1
core.optimization.Minimizer: [ WARNING ] LBFGS MAX CYCLES 200 EXCEEDED, BUT FUNC NOT CONVERGED!
protocols.relax.FastRelax: CMD: min  -1002.98  0.122408  0.122408  0.154
protocols.relax.FastRelax: CMD: coord_cst_weight  -1002.98  0.122408  0.122408  0.154
protocols.relax.FastRelax: CMD: scale:fa_rep  -896.607  0.122408  0.122408  0.30745
core.pack.task: Packer task: initialize from command line() 
core.pack.pack_rotamers: built 3664 rotamers at 322 positions.
core.pack.interaction_graph.interaction_graph_factory: Instantiating DensePDInteractionGraph
protocols.relax.FastRelax: CMD: repack  -896.656  0.122408  0.122408  0.30745
protocols.relax.FastRelax: CMD: scale:fa_rep  -888.29  0.122408  0.122408  0.31955
core.pose.util: [ WARNING ] Unable to find atom_tree atom for this Rosetta branch connection angle: residue 107 BRANCH 1
core.pose.util: [ WARNING ] Unable to find atom_tree atom for this Rosetta branch connection angle: residue 179 BRANCH 1
core.pose.util: [ WARNING ] Unable to find atom_tree atom for this Rosetta branch connection angle: residue 189 BRANCH 1
core.pose.util: [ WARNING ] Unable to find atom_tree atom for this Rosetta branch connection angle: residue 199 BRANCH 1
core.optimization.Minimizer: [ WARNING ] LBFGS MAX CYCLES 200 EXCEEDED, BUT FUNC NOT CONVERGED!
protocols.relax.FastRelax: CMD: min  -912.103  0.114901  0.114901  0.31955
protocols.relax.FastRelax: CMD: coord_cst_weight  -912.103  0.114901  0.114901  0.31955
protocols.relax.FastRelax: CMD: scale:fa_rep  -808.547  0.114901  0.114901  0.55
core.pack.task: Packer task: initialize from command line() 
core.pack.pack_rotamers: built 3607 rotamers at 322 positions.
core.pack.interaction_graph.interaction_graph_factory: Instantiating DensePDInteractionGraph
protocols.relax.FastRelax: CMD: repack  -808.547  0.114901  0.114901  0.55
core.pose.util: [ WARNING ] Unable to find atom_tree atom for this Rosetta branch connection angle: residue 107 BRANCH 1
core.pose.util: [ WARNING ] Unable to find atom_tree atom for this Rosetta branch connection angle: residue 179 BRANCH 1
core.pose.util: [ WARNING ] Unable to find atom_tree atom for this Rosetta branch connection angle: residue 189 BRANCH 1
core.pose.util: [ WARNING ] Unable to find atom_tree atom for this Rosetta branch connection angle: residue 199 BRANCH 1
core.optimization.Minimizer: [ WARNING ] LBFGS MAX CYCLES 200 EXCEEDED, BUT FUNC NOT CONVERGED!
protocols.relax.FastRelax: CMD: min  -824.238  0.110649  0.110649  0.55
protocols.relax.FastRelax: MRP: 4  -824.238  -824.238  0.110352  0.110352  
protocols.relax.FastRelax: CMD: accept_to_best  -824.238  0.110649  0.110649  0.55
protocols.relax.FastRelax: CMD: endrepeat  -824.238  0.110649  0.110649  0.55
protocols::checkpoint: Deleting checkpoints of FastRelax
protocols.jd2.JobDistributor: input_0001 reported success in 416 seconds
protocols.jd2.JobDistributor: no more batches to process... 
protocols.jd2.JobDistributor: 1 jobs considered, 1 jobs attempted in 416 seconds
basic.citation_manager.CitationManager: 
The following Rosetta modules were used during this run of Rosetta, and should be cited:

FastRelax Mover's citation(s):
*Tyka MD, *Keedy DA, André I, Dimaio F, Song Y, Richardson DC, Richardson JS, and Baker D.  (2011).  Alternate states of proteins revealed by detailed energy landscape mapping.  J Mol Biol 405(2):607-18.  doi: 10.1016/j.jmb.2010.11.008.  (*Co-primary authors.)

Khatib F, Cooper S, Tyka MD, Xu K, Makedon I, Popovic Z, Baker D, and Players F.  (2011).  Algorithm discovery by protein folding game players.  Proc Natl Acad Sci USA 108(47):18949-53.  doi: 10.1073/pnas.1115898108.

Maguire JB, Haddox HK, Strickland D, Halabiya SF, Coventry B, Griffin JR, Pulavarti SVSRK, Cummins M, Thieker DF, Klavins E, Szyperski T, DiMaio F, Baker D, and Kuhlman B.  (2021).  Perturbing the energy landscape for improved packing during computational protein design.  Proteins 89(4):436-449.  doi: 10.1002/prot.26030.


