core.init: Checking for fconfig files in pwd and ./rosetta/flags 
core.init: Rosetta version: 2023.21+HEAD.0bdfc78df2 0bdfc78df24f1a9621def6e20b0941151b3c791b git@github.com:RosettaCommons/rosetta.git 2023-05-26T08:14:51
core.init: command: /usr/local/bin/relax -no_color -multiple_processes_writing_to_one_directory @0.relax.flags
basic.random.init_random_generator: 'RNG device' seed mode, using '/dev/urandom', seed=1485190185 seed_offset=0 real_seed=1485190185
basic.random.init_random_generator: RandomGenerator:init: Normal mode, seed=1485190185 RG_type=mt19937
core.init: found database environment variable ROSETTA3_DB: /usr/local/database
core.scoring.ScoreFunctionFactory: SCOREFUNCTION: ref2015_cart
core.scoring.etable: Starting energy table calculation
core.scoring.etable: smooth_etable: changing atr/rep split to bottom of energy well
core.scoring.etable: smooth_etable: spline smoothing lj etables (maxdis = 6)
core.scoring.etable: smooth_etable: spline smoothing solvation etables (max_dis = 6)
core.scoring.etable: Finished calculating energy tables.
basic.io.database: Database file opened: scoring/score_functions/hbonds/ref2015_params/HBPoly1D.csv
basic.io.database: Database file opened: scoring/score_functions/hbonds/ref2015_params/HBFadeIntervals.csv
basic.io.database: Database file opened: scoring/score_functions/hbonds/ref2015_params/HBEval.csv
basic.io.database: Database file opened: scoring/score_functions/hbonds/ref2015_params/DonStrength.csv
basic.io.database: Database file opened: scoring/score_functions/hbonds/ref2015_params/AccStrength.csv
core.chemical.GlobalResidueTypeSet: Finished initializing fa_standard residue type set.  Created 985 residue types
core.chemical.GlobalResidueTypeSet: Total time to initialize 0.704453 seconds.
basic.io.database: Database file opened: scoring/score_functions/rama/fd/all.ramaProb
basic.io.database: Database file opened: scoring/score_functions/rama/fd/prepro.ramaProb
basic.io.database: Database file opened: scoring/score_functions/omega/omega_ppdep.all.txt
basic.io.database: Database file opened: scoring/score_functions/omega/omega_ppdep.gly.txt
basic.io.database: Database file opened: scoring/score_functions/omega/omega_ppdep.pro.txt
basic.io.database: Database file opened: scoring/score_functions/omega/omega_ppdep.valile.txt
basic.io.database: Database file opened: scoring/score_functions/P_AA_pp/P_AA
basic.io.database: Database file opened: scoring/score_functions/P_AA_pp/P_AA_n
core.scoring.P_AA: shapovalov_lib::shap_p_aa_pp_smooth_level of 1( aka low_smooth ) got activated.
basic.io.database: Database file opened: scoring/score_functions/P_AA_pp/shapovalov/10deg/kappa131/a20.prop
core.energy_methods.CartesianBondedEnergy: Initializing IdealParametersDatabase with default Ks=300 , 80 , 80 , 10 , 80
basic.io.database: Database file opened: scoring/score_functions/bondlength_bondangle/default-lengths.txt
core.energy_methods.CartesianBondedEnergy: Read 759 bb-independent lengths.
basic.io.database: Database file opened: scoring/score_functions/bondlength_bondangle/default-angles.txt
core.energy_methods.CartesianBondedEnergy: Read 1434 bb-independent angles.
basic.io.database: Database file opened: scoring/score_functions/bondlength_bondangle/default-torsions.txt
core.energy_methods.CartesianBondedEnergy: Read 1 bb-independent torsions.
basic.io.database: Database file opened: scoring/score_functions/bondlength_bondangle/default-improper.txt
core.energy_methods.CartesianBondedEnergy: Read 529 bb-independent improper tors.
protocols.relax.RelaxScriptManager: Reading relax scripts list from database.
protocols.relax.RelaxScriptManager: Looking for MonomerRelax2019.txt
protocols.relax.RelaxScriptManager: ================== Reading script file: /usr/local/database/sampling/relax_scripts/MonomerRelax2019.txt ==================
protocols.relax.RelaxScriptManager: repeat %%nrepeats%%
protocols.relax.RelaxScriptManager: coord_cst_weight 1.0
protocols.relax.RelaxScriptManager: scale:fa_rep 0.040
protocols.relax.RelaxScriptManager: repack
protocols.relax.RelaxScriptManager: scale:fa_rep 0.051
protocols.relax.RelaxScriptManager: min 0.01
protocols.relax.RelaxScriptManager: coord_cst_weight 0.5
protocols.relax.RelaxScriptManager: scale:fa_rep 0.265
protocols.relax.RelaxScriptManager: repack
protocols.relax.RelaxScriptManager: scale:fa_rep 0.280
protocols.relax.RelaxScriptManager: min 0.01
protocols.relax.RelaxScriptManager: coord_cst_weight 0.0
protocols.relax.RelaxScriptManager: scale:fa_rep 0.559
protocols.relax.RelaxScriptManager: repack
protocols.relax.RelaxScriptManager: scale:fa_rep 0.581
protocols.relax.RelaxScriptManager: min 0.01
protocols.relax.RelaxScriptManager: coord_cst_weight 0.0
protocols.relax.RelaxScriptManager: scale:fa_rep 1
protocols.relax.RelaxScriptManager: repack
protocols.relax.RelaxScriptManager: min 0.00001
protocols.relax.RelaxScriptManager: accept_to_best
protocols.relax.RelaxScriptManager: endrepeat
protocols.jd2.PDBJobInputter: Instantiate PDBJobInputter
protocols.jd2.PDBJobInputter: PDBJobInputter::fill_jobs
protocols.jd2.PDBJobInputter: pushed input.pdb nstruct index 1
protocols.evaluation.ChiWellRmsdEvaluatorCreator: Evaluation Creator active ... 
protocols.jd2.PDBJobInputter: PDBJobInputter::pose_from_job
protocols.jd2.PDBJobInputter: filling pose from PDB input.pdb
core.import_pose.import_pose: File 'input.pdb' automatically determined to be of type PDB
core.io.pose_from_sfr.PoseFromSFRBuilder: [ WARNING ] discarding 3 atoms at position 1 in file input.pdb. Best match rsd_type:  MET:NtermProteinFull
core.conformation.Conformation: Found disulfide between residues 102 184
core.conformation.Conformation: Found disulfide between residues 174 194
core.energy_methods.CartesianBondedEnergy: Creating new peptide-bonded energy container (314)
basic.io.database: Database file opened: scoring/score_functions/elec_cp_reps.dat
core.scoring.elec.util: Read 40 countpair representative atoms
core.pack.dunbrack.RotamerLibrary: shapovalov_lib_fixes_enable option is true.
core.pack.dunbrack.RotamerLibrary: shapovalov_lib::shap_dun10_smooth_level of 1( aka lowest_smooth ) got activated.
core.pack.dunbrack.RotamerLibrary: Binary rotamer library selected: /usr/local/database/rotamer/shapovalov/StpDwn_0-0-0/Dunbrack10.lib.bin
core.pack.dunbrack.RotamerLibrary: Using Dunbrack library binary file '/usr/local/database/rotamer/shapovalov/StpDwn_0-0-0/Dunbrack10.lib.bin'.
core.pack.dunbrack.RotamerLibrary: Dunbrack 2010 library took 1.09498 seconds to load from binary
core.energy_methods.CartesianBondedEnergy: Adding undefined angle VRT: X,ORIG,Y to DB with theta0 = 1.5708 , Ktheta = 80
core.energy_methods.CartesianBondedEnergy: Adding undefined length VRT: ORIG,X, to DB with d0 = 1 , Kd = 300
core.energy_methods.CartesianBondedEnergy: Adding undefined length VRT: ORIG,Y, to DB with d0 = 1 , Kd = 300
protocols.relax.FastRelax: CMD: repeat  2076.29  0  0  0.55
protocols.relax.FastRelax: CMD: coord_cst_weight  2076.29  0  0  0.55
protocols.relax.FastRelax: CMD: scale:fa_rep  1912.82  0  0  0.022
core.pack.task: Packer task: initialize from command line() 
core.pack.pack_rotamers: built 4342 rotamers at 314 positions.
core.pack.interaction_graph.interaction_graph_factory: Instantiating DensePDInteractionGraph
protocols.relax.FastRelax: CMD: repack  -266.809  0  0  0.022
protocols.relax.FastRelax: CMD: scale:fa_rep  -262.559  0  0  0.02805
core.pose.util: [ WARNING ] Unable to find atom_tree atom for this Rosetta branch connection angle: residue 102 BRANCH 1
core.pose.util: [ WARNING ] Unable to find atom_tree atom for this Rosetta branch connection angle: residue 174 BRANCH 1
core.pose.util: [ WARNING ] Unable to find atom_tree atom for this Rosetta branch connection angle: residue 184 BRANCH 1
core.pose.util: [ WARNING ] Unable to find atom_tree atom for this Rosetta branch connection angle: residue 194 BRANCH 1
core.optimization.Minimizer: [ WARNING ] LBFGS MAX CYCLES 200 EXCEEDED, BUT FUNC NOT CONVERGED!
protocols.relax.FastRelax: CMD: min  -855.662  0.0811153  0.0811153  0.02805
protocols.relax.FastRelax: CMD: coord_cst_weight  -855.662  0.0811153  0.0811153  0.02805
protocols.relax.FastRelax: CMD: scale:fa_rep  -766.892  0.0811153  0.0811153  0.14575
core.pack.task: Packer task: initialize from command line() 
core.pack.pack_rotamers: built 4155 rotamers at 314 positions.
core.pack.interaction_graph.interaction_graph_factory: Instantiating DensePDInteractionGraph
protocols.relax.FastRelax: CMD: repack  -767.81  0.0811153  0.0811153  0.14575
protocols.relax.FastRelax: CMD: scale:fa_rep  -761.66  0.0811153  0.0811153  0.154
core.pose.util: [ WARNING ] Unable to find atom_tree atom for this Rosetta branch connection angle: residue 102 BRANCH 1
core.pose.util: [ WARNING ] Unable to find atom_tree atom for this Rosetta branch connection angle: residue 174 BRANCH 1
core.pose.util: [ WARNING ] Unable to find atom_tree atom for this Rosetta branch connection angle: residue 184 BRANCH 1
core.pose.util: [ WARNING ] Unable to find atom_tree atom for this Rosetta branch connection angle: residue 194 BRANCH 1
protocols.relax.FastRelax: CMD: min  -789.879  0.0749534  0.0749534  0.154
protocols.relax.FastRelax: CMD: coord_cst_weight  -789.879  0.0749534  0.0749534  0.154
protocols.relax.FastRelax: CMD: scale:fa_rep  -723.073  0.0749534  0.0749534  0.30745
core.pack.task: Packer task: initialize from command line() 
core.pack.pack_rotamers: built 4074 rotamers at 314 positions.
core.pack.interaction_graph.interaction_graph_factory: Instantiating DensePDInteractionGraph
protocols.relax.FastRelax: CMD: repack  -723.073  0.0749534  0.0749534  0.30745
protocols.relax.FastRelax: CMD: scale:fa_rep  -717.805  0.0749534  0.0749534  0.31955
core.pose.util: [ WARNING ] Unable to find atom_tree atom for this Rosetta branch connection angle: residue 102 BRANCH 1
core.pose.util: [ WARNING ] Unable to find atom_tree atom for this Rosetta branch connection angle: residue 174 BRANCH 1
core.pose.util: [ WARNING ] Unable to find atom_tree atom for this Rosetta branch connection angle: residue 184 BRANCH 1
core.pose.util: [ WARNING ] Unable to find atom_tree atom for this Rosetta branch connection angle: residue 194 BRANCH 1
protocols.relax.FastRelax: CMD: min  -727.338  0.0716782  0.0716782  0.31955
protocols.relax.FastRelax: CMD: coord_cst_weight  -727.338  0.0716782  0.0716782  0.31955
protocols.relax.FastRelax: CMD: scale:fa_rep  -650.014  0.0716782  0.0716782  0.55
core.pack.task: Packer task: initialize from command line() 
core.pack.pack_rotamers: built 4020 rotamers at 314 positions.
core.pack.interaction_graph.interaction_graph_factory: Instantiating DensePDInteractionGraph
protocols.relax.FastRelax: CMD: repack  -650.014  0.0716782  0.0716782  0.55
core.pose.util: [ WARNING ] Unable to find atom_tree atom for this Rosetta branch connection angle: residue 102 BRANCH 1
core.pose.util: [ WARNING ] Unable to find atom_tree atom for this Rosetta branch connection angle: residue 174 BRANCH 1
core.pose.util: [ WARNING ] Unable to find atom_tree atom for this Rosetta branch connection angle: residue 184 BRANCH 1
core.pose.util: [ WARNING ] Unable to find atom_tree atom for this Rosetta branch connection angle: residue 194 BRANCH 1
protocols.relax.FastRelax: CMD: min  -658.404  0.0695193  0.0695193  0.55
protocols.relax.FastRelax: MRP: 0  -658.404  -658.404  0.0695193  0.0695193  
protocols.relax.FastRelax: CMD: accept_to_best  -658.404  0.0695193  0.0695193  0.55
protocols.relax.FastRelax: CMD: endrepeat  -658.404  0.0695193  0.0695193  0.55
protocols.relax.FastRelax: CMD: coord_cst_weight  -658.404  0.0695193  0.0695193  0.55
protocols.relax.FastRelax: CMD: scale:fa_rep  -801.222  0.0695193  0.0695193  0.022
core.pack.task: Packer task: initialize from command line() 
core.pack.pack_rotamers: built 4377 rotamers at 314 positions.
core.pack.interaction_graph.interaction_graph_factory: Instantiating DensePDInteractionGraph
protocols.relax.FastRelax: CMD: repack  -808.088  0.0695193  0.0695193  0.022
protocols.relax.FastRelax: CMD: scale:fa_rep  -805.405  0.0695193  0.0695193  0.02805
core.pose.util: [ WARNING ] Unable to find atom_tree atom for this Rosetta branch connection angle: residue 102 BRANCH 1
core.pose.util: [ WARNING ] Unable to find atom_tree atom for this Rosetta branch connection angle: residue 174 BRANCH 1
core.pose.util: [ WARNING ] Unable to find atom_tree atom for this Rosetta branch connection angle: residue 184 BRANCH 1
core.pose.util: [ WARNING ] Unable to find atom_tree atom for this Rosetta branch connection angle: residue 194 BRANCH 1
protocols.relax.FastRelax: CMD: min  -857.373  0.0810098  0.0810098  0.02805
protocols.relax.FastRelax: CMD: coord_cst_weight  -857.373  0.0810098  0.0810098  0.02805
protocols.relax.FastRelax: CMD: scale:fa_rep  -770.081  0.0810098  0.0810098  0.14575
core.pack.task: Packer task: initialize from command line() 
core.pack.pack_rotamers: built 4158 rotamers at 314 positions.
core.pack.interaction_graph.interaction_graph_factory: Instantiating DensePDInteractionGraph
protocols.relax.FastRelax: CMD: repack  -770.21  0.0810098  0.0810098  0.14575
protocols.relax.FastRelax: CMD: scale:fa_rep  -764.141  0.0810098  0.0810098  0.154
core.pose.util: [ WARNING ] Unable to find atom_tree atom for this Rosetta branch connection angle: residue 102 BRANCH 1
core.pose.util: [ WARNING ] Unable to find atom_tree atom for this Rosetta branch connection angle: residue 174 BRANCH 1
core.pose.util: [ WARNING ] Unable to find atom_tree atom for this Rosetta branch connection angle: residue 184 BRANCH 1
core.pose.util: [ WARNING ] Unable to find atom_tree atom for this Rosetta branch connection angle: residue 194 BRANCH 1
protocols.relax.FastRelax: CMD: min  -789.892  0.0749903  0.0749903  0.154
protocols.relax.FastRelax: CMD: coord_cst_weight  -789.892  0.0749903  0.0749903  0.154
protocols.relax.FastRelax: CMD: scale:fa_rep  -723.191  0.0749903  0.0749903  0.30745
core.pack.task: Packer task: initialize from command line() 
core.pack.pack_rotamers: built 4072 rotamers at 314 positions.
core.pack.interaction_graph.interaction_graph_factory: Instantiating DensePDInteractionGraph
protocols.relax.FastRelax: CMD: repack  -723.191  0.0749903  0.0749903  0.30745
protocols.relax.FastRelax: CMD: scale:fa_rep  -717.931  0.0749903  0.0749903  0.31955
core.pose.util: [ WARNING ] Unable to find atom_tree atom for this Rosetta branch connection angle: residue 102 BRANCH 1
core.pose.util: [ WARNING ] Unable to find atom_tree atom for this Rosetta branch connection angle: residue 174 BRANCH 1
core.pose.util: [ WARNING ] Unable to find atom_tree atom for this Rosetta branch connection angle: residue 184 BRANCH 1
core.pose.util: [ WARNING ] Unable to find atom_tree atom for this Rosetta branch connection angle: residue 194 BRANCH 1
protocols.relax.FastRelax: CMD: min  -727.347  0.0716853  0.0716853  0.31955
protocols.relax.FastRelax: CMD: coord_cst_weight  -727.347  0.0716853  0.0716853  0.31955
protocols.relax.FastRelax: CMD: scale:fa_rep  -650.101  0.0716853  0.0716853  0.55
core.pack.task: Packer task: initialize from command line() 
core.pack.pack_rotamers: built 4018 rotamers at 314 positions.
core.pack.interaction_graph.interaction_graph_factory: Instantiating DensePDInteractionGraph
protocols.relax.FastRelax: CMD: repack  -650.101  0.0716853  0.0716853  0.55
core.pose.util: [ WARNING ] Unable to find atom_tree atom for this Rosetta branch connection angle: residue 102 BRANCH 1
core.pose.util: [ WARNING ] Unable to find atom_tree atom for this Rosetta branch connection angle: residue 174 BRANCH 1
core.pose.util: [ WARNING ] Unable to find atom_tree atom for this Rosetta branch connection angle: residue 184 BRANCH 1
core.pose.util: [ WARNING ] Unable to find atom_tree atom for this Rosetta branch connection angle: residue 194 BRANCH 1
protocols.relax.FastRelax: CMD: min  -658.407  0.0695066  0.0695066  0.55
protocols.relax.FastRelax: MRP: 1  -658.407  -658.407  0.0695066  0.0695066  
protocols.relax.FastRelax: CMD: accept_to_best  -658.407  0.0695066  0.0695066  0.55
protocols.relax.FastRelax: CMD: endrepeat  -658.407  0.0695066  0.0695066  0.55
protocols.relax.FastRelax: CMD: coord_cst_weight  -658.407  0.0695066  0.0695066  0.55
protocols.relax.FastRelax: CMD: scale:fa_rep  -801.234  0.0695066  0.0695066  0.022
core.pack.task: Packer task: initialize from command line() 
core.pack.pack_rotamers: built 4379 rotamers at 314 positions.
core.pack.interaction_graph.interaction_graph_factory: Instantiating DensePDInteractionGraph
protocols.relax.FastRelax: CMD: repack  -808.351  0.0695066  0.0695066  0.022
protocols.relax.FastRelax: CMD: scale:fa_rep  -805.701  0.0695066  0.0695066  0.02805
core.pose.util: [ WARNING ] Unable to find atom_tree atom for this Rosetta branch connection angle: residue 102 BRANCH 1
core.pose.util: [ WARNING ] Unable to find atom_tree atom for this Rosetta branch connection angle: residue 174 BRANCH 1
core.pose.util: [ WARNING ] Unable to find atom_tree atom for this Rosetta branch connection angle: residue 184 BRANCH 1
core.pose.util: [ WARNING ] Unable to find atom_tree atom for this Rosetta branch connection angle: residue 194 BRANCH 1
core.optimization.Minimizer: [ WARNING ] LBFGS MAX CYCLES 200 EXCEEDED, BUT FUNC NOT CONVERGED!
protocols.relax.FastRelax: CMD: min  -857.384  0.0810465  0.0810465  0.02805
protocols.relax.FastRelax: CMD: coord_cst_weight  -857.384  0.0810465  0.0810465  0.02805
protocols.relax.FastRelax: CMD: scale:fa_rep  -769.88  0.0810465  0.0810465  0.14575
core.pack.task: Packer task: initialize from command line() 
core.pack.pack_rotamers: built 4162 rotamers at 314 positions.
core.pack.interaction_graph.interaction_graph_factory: Instantiating DensePDInteractionGraph
protocols.relax.FastRelax: CMD: repack  -770.007  0.0810465  0.0810465  0.14575
protocols.relax.FastRelax: CMD: scale:fa_rep  -763.924  0.0810465  0.0810465  0.154
core.pose.util: [ WARNING ] Unable to find atom_tree atom for this Rosetta branch connection angle: residue 102 BRANCH 1
core.pose.util: [ WARNING ] Unable to find atom_tree atom for this Rosetta branch connection angle: residue 174 BRANCH 1
core.pose.util: [ WARNING ] Unable to find atom_tree atom for this Rosetta branch connection angle: residue 184 BRANCH 1
core.pose.util: [ WARNING ] Unable to find atom_tree atom for this Rosetta branch connection angle: residue 194 BRANCH 1
protocols.relax.FastRelax: CMD: min  -789.893  0.0749672  0.0749672  0.154
protocols.relax.FastRelax: CMD: coord_cst_weight  -789.893  0.0749672  0.0749672  0.154
protocols.relax.FastRelax: CMD: scale:fa_rep  -723.188  0.0749672  0.0749672  0.30745
core.pack.task: Packer task: initialize from command line() 
core.pack.pack_rotamers: built 4074 rotamers at 314 positions.
core.pack.interaction_graph.interaction_graph_factory: Instantiating DensePDInteractionGraph
protocols.relax.FastRelax: CMD: repack  -723.188  0.0749672  0.0749672  0.30745
protocols.relax.FastRelax: CMD: scale:fa_rep  -717.929  0.0749672  0.0749672  0.31955
core.pose.util: [ WARNING ] Unable to find atom_tree atom for this Rosetta branch connection angle: residue 102 BRANCH 1
core.pose.util: [ WARNING ] Unable to find atom_tree atom for this Rosetta branch connection angle: residue 174 BRANCH 1
core.pose.util: [ WARNING ] Unable to find atom_tree atom for this Rosetta branch connection angle: residue 184 BRANCH 1
core.pose.util: [ WARNING ] Unable to find atom_tree atom for this Rosetta branch connection angle: residue 194 BRANCH 1
protocols.relax.FastRelax: CMD: min  -727.345  0.0716628  0.0716628  0.31955
protocols.relax.FastRelax: CMD: coord_cst_weight  -727.345  0.0716628  0.0716628  0.31955
protocols.relax.FastRelax: CMD: scale:fa_rep  -650.104  0.0716628  0.0716628  0.55
core.pack.task: Packer task: initialize from command line() 
core.pack.pack_rotamers: built 4018 rotamers at 314 positions.
core.pack.interaction_graph.interaction_graph_factory: Instantiating DensePDInteractionGraph
protocols.relax.FastRelax: CMD: repack  -650.104  0.0716628  0.0716628  0.55
core.pose.util: [ WARNING ] Unable to find atom_tree atom for this Rosetta branch connection angle: residue 102 BRANCH 1
core.pose.util: [ WARNING ] Unable to find atom_tree atom for this Rosetta branch connection angle: residue 174 BRANCH 1
core.pose.util: [ WARNING ] Unable to find atom_tree atom for this Rosetta branch connection angle: residue 184 BRANCH 1
core.pose.util: [ WARNING ] Unable to find atom_tree atom for this Rosetta branch connection angle: residue 194 BRANCH 1
protocols.relax.FastRelax: CMD: min  -658.413  0.0694927  0.0694927  0.55
protocols.relax.FastRelax: MRP: 2  -658.413  -658.413  0.0694927  0.0694927  
protocols.relax.FastRelax: CMD: accept_to_best  -658.413  0.0694927  0.0694927  0.55
protocols.relax.FastRelax: CMD: endrepeat  -658.413  0.0694927  0.0694927  0.55
protocols.relax.FastRelax: CMD: coord_cst_weight  -658.413  0.0694927  0.0694927  0.55
protocols.relax.FastRelax: CMD: scale:fa_rep  -801.471  0.0694927  0.0694927  0.022
core.pack.task: Packer task: initialize from command line() 
core.pack.pack_rotamers: built 4376 rotamers at 314 positions.
core.pack.interaction_graph.interaction_graph_factory: Instantiating DensePDInteractionGraph
protocols.relax.FastRelax: CMD: repack  -808.727  0.0694927  0.0694927  0.022
protocols.relax.FastRelax: CMD: scale:fa_rep  -806.107  0.0694927  0.0694927  0.02805
core.pose.util: [ WARNING ] Unable to find atom_tree atom for this Rosetta branch connection angle: residue 102 BRANCH 1
core.pose.util: [ WARNING ] Unable to find atom_tree atom for this Rosetta branch connection angle: residue 174 BRANCH 1
core.pose.util: [ WARNING ] Unable to find atom_tree atom for this Rosetta branch connection angle: residue 184 BRANCH 1
core.pose.util: [ WARNING ] Unable to find atom_tree atom for this Rosetta branch connection angle: residue 194 BRANCH 1
protocols.relax.FastRelax: CMD: min  -857.37  0.0809029  0.0809029  0.02805
protocols.relax.FastRelax: CMD: coord_cst_weight  -857.37  0.0809029  0.0809029  0.02805
protocols.relax.FastRelax: CMD: scale:fa_rep  -769.884  0.0809029  0.0809029  0.14575
core.pack.task: Packer task: initialize from command line() 
core.pack.pack_rotamers: built 4160 rotamers at 314 positions.
core.pack.interaction_graph.interaction_graph_factory: Instantiating DensePDInteractionGraph
protocols.relax.FastRelax: CMD: repack  -770.003  0.0809029  0.0809029  0.14575
protocols.relax.FastRelax: CMD: scale:fa_rep  -763.92  0.0809029  0.0809029  0.154
core.pose.util: [ WARNING ] Unable to find atom_tree atom for this Rosetta branch connection angle: residue 102 BRANCH 1
core.pose.util: [ WARNING ] Unable to find atom_tree atom for this Rosetta branch connection angle: residue 174 BRANCH 1
core.pose.util: [ WARNING ] Unable to find atom_tree atom for this Rosetta branch connection angle: residue 184 BRANCH 1
core.pose.util: [ WARNING ] Unable to find atom_tree atom for this Rosetta branch connection angle: residue 194 BRANCH 1
protocols.relax.FastRelax: CMD: min  -789.906  0.0749778  0.0749778  0.154
protocols.relax.FastRelax: CMD: coord_cst_weight  -789.906  0.0749778  0.0749778  0.154
protocols.relax.FastRelax: CMD: scale:fa_rep  -723.157  0.0749778  0.0749778  0.30745
core.pack.task: Packer task: initialize from command line() 
core.pack.pack_rotamers: built 4071 rotamers at 314 positions.
core.pack.interaction_graph.interaction_graph_factory: Instantiating DensePDInteractionGraph
protocols.relax.FastRelax: CMD: repack  -723.157  0.0749778  0.0749778  0.30745
protocols.relax.FastRelax: CMD: scale:fa_rep  -717.893  0.0749778  0.0749778  0.31955
core.pose.util: [ WARNING ] Unable to find atom_tree atom for this Rosetta branch connection angle: residue 102 BRANCH 1
core.pose.util: [ WARNING ] Unable to find atom_tree atom for this Rosetta branch connection angle: residue 174 BRANCH 1
core.pose.util: [ WARNING ] Unable to find atom_tree atom for this Rosetta branch connection angle: residue 184 BRANCH 1
core.pose.util: [ WARNING ] Unable to find atom_tree atom for this Rosetta branch connection angle: residue 194 BRANCH 1
protocols.relax.FastRelax: CMD: min  -727.339  0.0716947  0.0716947  0.31955
protocols.relax.FastRelax: CMD: coord_cst_weight  -727.339  0.0716947  0.0716947  0.31955
protocols.relax.FastRelax: CMD: scale:fa_rep  -650.028  0.0716947  0.0716947  0.55
core.pack.task: Packer task: initialize from command line() 
core.pack.pack_rotamers: built 4017 rotamers at 314 positions.
core.pack.interaction_graph.interaction_graph_factory: Instantiating DensePDInteractionGraph
protocols.relax.FastRelax: CMD: repack  -650.028  0.0716947  0.0716947  0.55
core.pose.util: [ WARNING ] Unable to find atom_tree atom for this Rosetta branch connection angle: residue 102 BRANCH 1
core.pose.util: [ WARNING ] Unable to find atom_tree atom for this Rosetta branch connection angle: residue 174 BRANCH 1
core.pose.util: [ WARNING ] Unable to find atom_tree atom for this Rosetta branch connection angle: residue 184 BRANCH 1
core.pose.util: [ WARNING ] Unable to find atom_tree atom for this Rosetta branch connection angle: residue 194 BRANCH 1
protocols.relax.FastRelax: CMD: min  -658.41  0.0695217  0.0695217  0.55
protocols.relax.FastRelax: MRP: 3  -658.41  -658.413  0.0694927  0.0694927  
protocols.relax.FastRelax: CMD: accept_to_best  -658.41  0.0695217  0.0695217  0.55
protocols.relax.FastRelax: CMD: endrepeat  -658.41  0.0695217  0.0695217  0.55
protocols.relax.FastRelax: CMD: coord_cst_weight  -658.41  0.0695217  0.0695217  0.55
protocols.relax.FastRelax: CMD: scale:fa_rep  -801.342  0.0695217  0.0695217  0.022
core.pack.task: Packer task: initialize from command line() 
core.pack.pack_rotamers: built 4378 rotamers at 314 positions.
core.pack.interaction_graph.interaction_graph_factory: Instantiating DensePDInteractionGraph
protocols.relax.FastRelax: CMD: repack  -808.222  0.0695217  0.0695217  0.022
protocols.relax.FastRelax: CMD: scale:fa_rep  -805.538  0.0695217  0.0695217  0.02805
core.pose.util: [ WARNING ] Unable to find atom_tree atom for this Rosetta branch connection angle: residue 102 BRANCH 1
core.pose.util: [ WARNING ] Unable to find atom_tree atom for this Rosetta branch connection angle: residue 174 BRANCH 1
core.pose.util: [ WARNING ] Unable to find atom_tree atom for this Rosetta branch connection angle: residue 184 BRANCH 1
core.pose.util: [ WARNING ] Unable to find atom_tree atom for this Rosetta branch connection angle: residue 194 BRANCH 1
core.optimization.Minimizer: [ WARNING ] LBFGS MAX CYCLES 200 EXCEEDED, BUT FUNC NOT CONVERGED!
protocols.relax.FastRelax: CMD: min  -857.369  0.081027  0.081027  0.02805
protocols.relax.FastRelax: CMD: coord_cst_weight  -857.369  0.081027  0.081027  0.02805
protocols.relax.FastRelax: CMD: scale:fa_rep  -770.074  0.081027  0.081027  0.14575
core.pack.task: Packer task: initialize from command line() 
core.pack.pack_rotamers: built 4158 rotamers at 314 positions.
core.pack.interaction_graph.interaction_graph_factory: Instantiating DensePDInteractionGraph
protocols.relax.FastRelax: CMD: repack  -770.194  0.081027  0.081027  0.14575
protocols.relax.FastRelax: CMD: scale:fa_rep  -764.124  0.081027  0.081027  0.154
core.pose.util: [ WARNING ] Unable to find atom_tree atom for this Rosetta branch connection angle: residue 102 BRANCH 1
core.pose.util: [ WARNING ] Unable to find atom_tree atom for this Rosetta branch connection angle: residue 174 BRANCH 1
core.pose.util: [ WARNING ] Unable to find atom_tree atom for this Rosetta branch connection angle: residue 184 BRANCH 1
core.pose.util: [ WARNING ] Unable to find atom_tree atom for this Rosetta branch connection angle: residue 194 BRANCH 1
protocols.relax.FastRelax: CMD: min  -789.897  0.075004  0.075004  0.154
protocols.relax.FastRelax: CMD: coord_cst_weight  -789.897  0.075004  0.075004  0.154
protocols.relax.FastRelax: CMD: scale:fa_rep  -723.101  0.075004  0.075004  0.30745
core.pack.task: Packer task: initialize from command line() 
core.pack.pack_rotamers: built 4072 rotamers at 314 positions.
core.pack.interaction_graph.interaction_graph_factory: Instantiating DensePDInteractionGraph
protocols.relax.FastRelax: CMD: repack  -723.101  0.075004  0.075004  0.30745
protocols.relax.FastRelax: CMD: scale:fa_rep  -717.834  0.075004  0.075004  0.31955
core.pose.util: [ WARNING ] Unable to find atom_tree atom for this Rosetta branch connection angle: residue 102 BRANCH 1
core.pose.util: [ WARNING ] Unable to find atom_tree atom for this Rosetta branch connection angle: residue 174 BRANCH 1
core.pose.util: [ WARNING ] Unable to find atom_tree atom for this Rosetta branch connection angle: residue 184 BRANCH 1
core.pose.util: [ WARNING ] Unable to find atom_tree atom for this Rosetta branch connection angle: residue 194 BRANCH 1
protocols.relax.FastRelax: CMD: min  -727.339  0.0716894  0.0716894  0.31955
protocols.relax.FastRelax: CMD: coord_cst_weight  -727.339  0.0716894  0.0716894  0.31955
protocols.relax.FastRelax: CMD: scale:fa_rep  -650.052  0.0716894  0.0716894  0.55
core.pack.task: Packer task: initialize from command line() 
core.pack.pack_rotamers: built 4019 rotamers at 314 positions.
core.pack.interaction_graph.interaction_graph_factory: Instantiating DensePDInteractionGraph
protocols.relax.FastRelax: CMD: repack  -650.052  0.0716894  0.0716894  0.55
core.pose.util: [ WARNING ] Unable to find atom_tree atom for this Rosetta branch connection angle: residue 102 BRANCH 1
core.pose.util: [ WARNING ] Unable to find atom_tree atom for this Rosetta branch connection angle: residue 174 BRANCH 1
core.pose.util: [ WARNING ] Unable to find atom_tree atom for this Rosetta branch connection angle: residue 184 BRANCH 1
core.pose.util: [ WARNING ] Unable to find atom_tree atom for this Rosetta branch connection angle: residue 194 BRANCH 1
protocols.relax.FastRelax: CMD: min  -658.412  0.0695119  0.0695119  0.55
protocols.relax.FastRelax: MRP: 4  -658.412  -658.413  0.0694927  0.0694927  
protocols.relax.FastRelax: CMD: accept_to_best  -658.412  0.0695119  0.0695119  0.55
protocols.relax.FastRelax: CMD: endrepeat  -658.412  0.0695119  0.0695119  0.55
protocols::checkpoint: Deleting checkpoints of FastRelax
protocols.jd2.JobDistributor: input_0001 reported success in 346 seconds
protocols.jd2.JobDistributor: no more batches to process... 
protocols.jd2.JobDistributor: 1 jobs considered, 1 jobs attempted in 346 seconds
basic.citation_manager.CitationManager: 
The following Rosetta modules were used during this run of Rosetta, and should be cited:

FastRelax Mover's citation(s):
*Tyka MD, *Keedy DA, André I, Dimaio F, Song Y, Richardson DC, Richardson JS, and Baker D.  (2011).  Alternate states of proteins revealed by detailed energy landscape mapping.  J Mol Biol 405(2):607-18.  doi: 10.1016/j.jmb.2010.11.008.  (*Co-primary authors.)

Khatib F, Cooper S, Tyka MD, Xu K, Makedon I, Popovic Z, Baker D, and Players F.  (2011).  Algorithm discovery by protein folding game players.  Proc Natl Acad Sci USA 108(47):18949-53.  doi: 10.1073/pnas.1115898108.

Maguire JB, Haddox HK, Strickland D, Halabiya SF, Coventry B, Griffin JR, Pulavarti SVSRK, Cummins M, Thieker DF, Klavins E, Szyperski T, DiMaio F, Baker D, and Kuhlman B.  (2021).  Perturbing the energy landscape for improved packing during computational protein design.  Proteins 89(4):436-449.  doi: 10.1002/prot.26030.


