core.init: Checking for fconfig files in pwd and ./rosetta/flags 
core.init: Rosetta version: 2023.21+HEAD.0bdfc78df2 0bdfc78df24f1a9621def6e20b0941151b3c791b git@github.com:RosettaCommons/rosetta.git 2023-05-26T08:14:51
core.init: command: /usr/local/bin/relax -no_color -multiple_processes_writing_to_one_directory @0.relax.flags
basic.random.init_random_generator: 'RNG device' seed mode, using '/dev/urandom', seed=622509675 seed_offset=0 real_seed=622509675
basic.random.init_random_generator: RandomGenerator:init: Normal mode, seed=622509675 RG_type=mt19937
core.init: found database environment variable ROSETTA3_DB: /usr/local/database
core.scoring.ScoreFunctionFactory: SCOREFUNCTION: ref2015_cart
core.scoring.etable: Starting energy table calculation
core.scoring.etable: smooth_etable: changing atr/rep split to bottom of energy well
core.scoring.etable: smooth_etable: spline smoothing lj etables (maxdis = 6)
core.scoring.etable: smooth_etable: spline smoothing solvation etables (max_dis = 6)
core.scoring.etable: Finished calculating energy tables.
basic.io.database: Database file opened: scoring/score_functions/hbonds/ref2015_params/HBPoly1D.csv
basic.io.database: Database file opened: scoring/score_functions/hbonds/ref2015_params/HBFadeIntervals.csv
basic.io.database: Database file opened: scoring/score_functions/hbonds/ref2015_params/HBEval.csv
basic.io.database: Database file opened: scoring/score_functions/hbonds/ref2015_params/DonStrength.csv
basic.io.database: Database file opened: scoring/score_functions/hbonds/ref2015_params/AccStrength.csv
core.chemical.GlobalResidueTypeSet: Finished initializing fa_standard residue type set.  Created 985 residue types
core.chemical.GlobalResidueTypeSet: Total time to initialize 0.699721 seconds.
basic.io.database: Database file opened: scoring/score_functions/rama/fd/all.ramaProb
basic.io.database: Database file opened: scoring/score_functions/rama/fd/prepro.ramaProb
basic.io.database: Database file opened: scoring/score_functions/omega/omega_ppdep.all.txt
basic.io.database: Database file opened: scoring/score_functions/omega/omega_ppdep.gly.txt
basic.io.database: Database file opened: scoring/score_functions/omega/omega_ppdep.pro.txt
basic.io.database: Database file opened: scoring/score_functions/omega/omega_ppdep.valile.txt
basic.io.database: Database file opened: scoring/score_functions/P_AA_pp/P_AA
basic.io.database: Database file opened: scoring/score_functions/P_AA_pp/P_AA_n
core.scoring.P_AA: shapovalov_lib::shap_p_aa_pp_smooth_level of 1( aka low_smooth ) got activated.
basic.io.database: Database file opened: scoring/score_functions/P_AA_pp/shapovalov/10deg/kappa131/a20.prop
core.energy_methods.CartesianBondedEnergy: Initializing IdealParametersDatabase with default Ks=300 , 80 , 80 , 10 , 80
basic.io.database: Database file opened: scoring/score_functions/bondlength_bondangle/default-lengths.txt
core.energy_methods.CartesianBondedEnergy: Read 759 bb-independent lengths.
basic.io.database: Database file opened: scoring/score_functions/bondlength_bondangle/default-angles.txt
core.energy_methods.CartesianBondedEnergy: Read 1434 bb-independent angles.
basic.io.database: Database file opened: scoring/score_functions/bondlength_bondangle/default-torsions.txt
core.energy_methods.CartesianBondedEnergy: Read 1 bb-independent torsions.
basic.io.database: Database file opened: scoring/score_functions/bondlength_bondangle/default-improper.txt
core.energy_methods.CartesianBondedEnergy: Read 529 bb-independent improper tors.
protocols.relax.RelaxScriptManager: Reading relax scripts list from database.
protocols.relax.RelaxScriptManager: Looking for MonomerRelax2019.txt
protocols.relax.RelaxScriptManager: ================== Reading script file: /usr/local/database/sampling/relax_scripts/MonomerRelax2019.txt ==================
protocols.relax.RelaxScriptManager: repeat %%nrepeats%%
protocols.relax.RelaxScriptManager: coord_cst_weight 1.0
protocols.relax.RelaxScriptManager: scale:fa_rep 0.040
protocols.relax.RelaxScriptManager: repack
protocols.relax.RelaxScriptManager: scale:fa_rep 0.051
protocols.relax.RelaxScriptManager: min 0.01
protocols.relax.RelaxScriptManager: coord_cst_weight 0.5
protocols.relax.RelaxScriptManager: scale:fa_rep 0.265
protocols.relax.RelaxScriptManager: repack
protocols.relax.RelaxScriptManager: scale:fa_rep 0.280
protocols.relax.RelaxScriptManager: min 0.01
protocols.relax.RelaxScriptManager: coord_cst_weight 0.0
protocols.relax.RelaxScriptManager: scale:fa_rep 0.559
protocols.relax.RelaxScriptManager: repack
protocols.relax.RelaxScriptManager: scale:fa_rep 0.581
protocols.relax.RelaxScriptManager: min 0.01
protocols.relax.RelaxScriptManager: coord_cst_weight 0.0
protocols.relax.RelaxScriptManager: scale:fa_rep 1
protocols.relax.RelaxScriptManager: repack
protocols.relax.RelaxScriptManager: min 0.00001
protocols.relax.RelaxScriptManager: accept_to_best
protocols.relax.RelaxScriptManager: endrepeat
protocols.jd2.PDBJobInputter: Instantiate PDBJobInputter
protocols.jd2.PDBJobInputter: PDBJobInputter::fill_jobs
protocols.jd2.PDBJobInputter: pushed input.pdb nstruct index 1
protocols.evaluation.ChiWellRmsdEvaluatorCreator: Evaluation Creator active ... 
protocols.jd2.PDBJobInputter: PDBJobInputter::pose_from_job
protocols.jd2.PDBJobInputter: filling pose from PDB input.pdb
core.import_pose.import_pose: File 'input.pdb' automatically determined to be of type PDB
core.conformation.Conformation: Found disulfide between residues 107 189
core.conformation.Conformation: Found disulfide between residues 179 199
core.energy_methods.CartesianBondedEnergy: Creating new peptide-bonded energy container (322)
basic.io.database: Database file opened: scoring/score_functions/elec_cp_reps.dat
core.scoring.elec.util: Read 40 countpair representative atoms
core.energy_methods.CartesianBondedEnergy: Adding undefined angle PRO: CD,NV,CAV to DB with theta0 = 1.99196 , Ktheta = 80
core.energy_methods.CartesianBondedEnergy: Adding undefined angle PRO: CD,NV,1H to DB with theta0 = 1.91114 , Ktheta = 80
core.energy_methods.CartesianBondedEnergy: Adding undefined angle PRO: CD,NV,2H to DB with theta0 = 1.91114 , Ktheta = 80
core.energy_methods.CartesianBondedEnergy: Adding undefined angle PRO: CAV,NV,1H to DB with theta0 = 1.86886 , Ktheta = 80
core.energy_methods.CartesianBondedEnergy: Adding undefined angle PRO: CAV,NV,2H to DB with theta0 = 1.86886 , Ktheta = 80
core.energy_methods.CartesianBondedEnergy: Adding undefined angle PRO: 1H,NV,2H to DB with theta0 = 1.91013 , Ktheta = 80
core.energy_methods.CartesianBondedEnergy: Adding undefined length PRO: NV,CAV, to DB with d0 = 1.38302 , Kd = 300
core.energy_methods.CartesianBondedEnergy: Adding undefined length PRO: NV,1H, to DB with d0 = 1 , Kd = 300
core.energy_methods.CartesianBondedEnergy: Adding undefined length PRO: NV,2H, to DB with d0 = 1 , Kd = 300
core.pack.dunbrack.RotamerLibrary: shapovalov_lib_fixes_enable option is true.
core.pack.dunbrack.RotamerLibrary: shapovalov_lib::shap_dun10_smooth_level of 1( aka lowest_smooth ) got activated.
core.pack.dunbrack.RotamerLibrary: Binary rotamer library selected: /usr/local/database/rotamer/shapovalov/StpDwn_0-0-0/Dunbrack10.lib.bin
core.pack.dunbrack.RotamerLibrary: Using Dunbrack library binary file '/usr/local/database/rotamer/shapovalov/StpDwn_0-0-0/Dunbrack10.lib.bin'.
core.pack.dunbrack.RotamerLibrary: Dunbrack 2010 library took 0.959186 seconds to load from binary
core.energy_methods.CartesianBondedEnergy: Adding undefined angle VRT: X,ORIG,Y to DB with theta0 = 1.5708 , Ktheta = 80
core.energy_methods.CartesianBondedEnergy: Adding undefined length VRT: ORIG,X, to DB with d0 = 1 , Kd = 300
core.energy_methods.CartesianBondedEnergy: Adding undefined length VRT: ORIG,Y, to DB with d0 = 1 , Kd = 300
protocols.relax.FastRelax: CMD: repeat  2746.81  0  0  0.55
protocols.relax.FastRelax: CMD: coord_cst_weight  2746.81  0  0  0.55
protocols.relax.FastRelax: CMD: scale:fa_rep  2562.08  0  0  0.022
core.pack.task: Packer task: initialize from command line() 
core.pack.pack_rotamers: built 4036 rotamers at 322 positions.
core.pack.interaction_graph.interaction_graph_factory: Instantiating DensePDInteractionGraph
protocols.relax.FastRelax: CMD: repack  -281.886  0  0  0.022
protocols.relax.FastRelax: CMD: scale:fa_rep  -276.191  0  0  0.02805
core.pose.util: [ WARNING ] Unable to find atom_tree atom for this Rosetta branch connection angle: residue 107 BRANCH 1
core.pose.util: [ WARNING ] Unable to find atom_tree atom for this Rosetta branch connection angle: residue 179 BRANCH 1
core.pose.util: [ WARNING ] Unable to find atom_tree atom for this Rosetta branch connection angle: residue 189 BRANCH 1
core.pose.util: [ WARNING ] Unable to find atom_tree atom for this Rosetta branch connection angle: residue 199 BRANCH 1
core.optimization.Minimizer: [ WARNING ] LBFGS MAX CYCLES 200 EXCEEDED, BUT FUNC NOT CONVERGED!
protocols.relax.FastRelax: CMD: min  -869.072  0.084192  0.084192  0.02805
protocols.relax.FastRelax: CMD: coord_cst_weight  -869.072  0.084192  0.084192  0.02805
protocols.relax.FastRelax: CMD: scale:fa_rep  -776.281  0.084192  0.084192  0.14575
core.pack.task: Packer task: initialize from command line() 
core.pack.pack_rotamers: built 3827 rotamers at 322 positions.
core.pack.interaction_graph.interaction_graph_factory: Instantiating DensePDInteractionGraph
protocols.relax.FastRelax: CMD: repack  -777.429  0.084192  0.084192  0.14575
protocols.relax.FastRelax: CMD: scale:fa_rep  -771.102  0.084192  0.084192  0.154
core.pose.util: [ WARNING ] Unable to find atom_tree atom for this Rosetta branch connection angle: residue 107 BRANCH 1
core.pose.util: [ WARNING ] Unable to find atom_tree atom for this Rosetta branch connection angle: residue 179 BRANCH 1
core.pose.util: [ WARNING ] Unable to find atom_tree atom for this Rosetta branch connection angle: residue 189 BRANCH 1
core.pose.util: [ WARNING ] Unable to find atom_tree atom for this Rosetta branch connection angle: residue 199 BRANCH 1
core.optimization.Minimizer: [ WARNING ] LBFGS MAX CYCLES 200 EXCEEDED, BUT FUNC NOT CONVERGED!
protocols.relax.FastRelax: CMD: min  -797.911  0.0787598  0.0787598  0.154
protocols.relax.FastRelax: CMD: coord_cst_weight  -797.911  0.0787598  0.0787598  0.154
protocols.relax.FastRelax: CMD: scale:fa_rep  -727.499  0.0787598  0.0787598  0.30745
core.pack.task: Packer task: initialize from command line() 
core.pack.pack_rotamers: built 3725 rotamers at 322 positions.
core.pack.interaction_graph.interaction_graph_factory: Instantiating DensePDInteractionGraph
protocols.relax.FastRelax: CMD: repack  -727.499  0.0787598  0.0787598  0.30745
protocols.relax.FastRelax: CMD: scale:fa_rep  -721.946  0.0787598  0.0787598  0.31955
core.pose.util: [ WARNING ] Unable to find atom_tree atom for this Rosetta branch connection angle: residue 107 BRANCH 1
core.pose.util: [ WARNING ] Unable to find atom_tree atom for this Rosetta branch connection angle: residue 179 BRANCH 1
core.pose.util: [ WARNING ] Unable to find atom_tree atom for this Rosetta branch connection angle: residue 189 BRANCH 1
core.pose.util: [ WARNING ] Unable to find atom_tree atom for this Rosetta branch connection angle: residue 199 BRANCH 1
protocols.relax.FastRelax: CMD: min  -732.38  0.0753686  0.0753686  0.31955
protocols.relax.FastRelax: CMD: coord_cst_weight  -732.38  0.0753686  0.0753686  0.31955
protocols.relax.FastRelax: CMD: scale:fa_rep  -651.223  0.0753686  0.0753686  0.55
core.pack.task: Packer task: initialize from command line() 
core.pack.pack_rotamers: built 3699 rotamers at 322 positions.
core.pack.interaction_graph.interaction_graph_factory: Instantiating DensePDInteractionGraph
protocols.relax.FastRelax: CMD: repack  -651.223  0.0753686  0.0753686  0.55
core.pose.util: [ WARNING ] Unable to find atom_tree atom for this Rosetta branch connection angle: residue 107 BRANCH 1
core.pose.util: [ WARNING ] Unable to find atom_tree atom for this Rosetta branch connection angle: residue 179 BRANCH 1
core.pose.util: [ WARNING ] Unable to find atom_tree atom for this Rosetta branch connection angle: residue 189 BRANCH 1
core.pose.util: [ WARNING ] Unable to find atom_tree atom for this Rosetta branch connection angle: residue 199 BRANCH 1
protocols.relax.FastRelax: CMD: min  -660.264  0.0729692  0.0729692  0.55
protocols.relax.FastRelax: MRP: 0  -660.264  -660.264  0.0729692  0.0729692  
protocols.relax.FastRelax: CMD: accept_to_best  -660.264  0.0729692  0.0729692  0.55
protocols.relax.FastRelax: CMD: endrepeat  -660.264  0.0729692  0.0729692  0.55
protocols.relax.FastRelax: CMD: coord_cst_weight  -660.264  0.0729692  0.0729692  0.55
protocols.relax.FastRelax: CMD: scale:fa_rep  -809.69  0.0729692  0.0729692  0.022
core.pack.task: Packer task: initialize from command line() 
core.pack.pack_rotamers: built 4065 rotamers at 322 positions.
core.pack.interaction_graph.interaction_graph_factory: Instantiating DensePDInteractionGraph
protocols.relax.FastRelax: CMD: repack  -817.413  0.0729692  0.0729692  0.022
protocols.relax.FastRelax: CMD: scale:fa_rep  -814.732  0.0729692  0.0729692  0.02805
core.pose.util: [ WARNING ] Unable to find atom_tree atom for this Rosetta branch connection angle: residue 107 BRANCH 1
core.pose.util: [ WARNING ] Unable to find atom_tree atom for this Rosetta branch connection angle: residue 179 BRANCH 1
core.pose.util: [ WARNING ] Unable to find atom_tree atom for this Rosetta branch connection angle: residue 189 BRANCH 1
core.pose.util: [ WARNING ] Unable to find atom_tree atom for this Rosetta branch connection angle: residue 199 BRANCH 1
core.optimization.Minimizer: [ WARNING ] LBFGS MAX CYCLES 200 EXCEEDED, BUT FUNC NOT CONVERGED!
protocols.relax.FastRelax: CMD: min  -868.915  0.0843109  0.0843109  0.02805
protocols.relax.FastRelax: CMD: coord_cst_weight  -868.915  0.0843109  0.0843109  0.02805
protocols.relax.FastRelax: CMD: scale:fa_rep  -778.056  0.0843109  0.0843109  0.14575
core.pack.task: Packer task: initialize from command line() 
core.pack.pack_rotamers: built 3824 rotamers at 322 positions.
core.pack.interaction_graph.interaction_graph_factory: Instantiating DensePDInteractionGraph
protocols.relax.FastRelax: CMD: repack  -778.373  0.0843109  0.0843109  0.14575
protocols.relax.FastRelax: CMD: scale:fa_rep  -772.073  0.0843109  0.0843109  0.154
core.pose.util: [ WARNING ] Unable to find atom_tree atom for this Rosetta branch connection angle: residue 107 BRANCH 1
core.pose.util: [ WARNING ] Unable to find atom_tree atom for this Rosetta branch connection angle: residue 179 BRANCH 1
core.pose.util: [ WARNING ] Unable to find atom_tree atom for this Rosetta branch connection angle: residue 189 BRANCH 1
core.pose.util: [ WARNING ] Unable to find atom_tree atom for this Rosetta branch connection angle: residue 199 BRANCH 1
core.optimization.Minimizer: [ WARNING ] LBFGS MAX CYCLES 200 EXCEEDED, BUT FUNC NOT CONVERGED!
protocols.relax.FastRelax: CMD: min  -798.031  0.0786919  0.0786919  0.154
protocols.relax.FastRelax: CMD: coord_cst_weight  -798.031  0.0786919  0.0786919  0.154
protocols.relax.FastRelax: CMD: scale:fa_rep  -727.879  0.0786919  0.0786919  0.30745
core.pack.task: Packer task: initialize from command line() 
core.pack.pack_rotamers: built 3731 rotamers at 322 positions.
core.pack.interaction_graph.interaction_graph_factory: Instantiating DensePDInteractionGraph
protocols.relax.FastRelax: CMD: repack  -727.879  0.0786919  0.0786919  0.30745
protocols.relax.FastRelax: CMD: scale:fa_rep  -722.348  0.0786919  0.0786919  0.31955
core.pose.util: [ WARNING ] Unable to find atom_tree atom for this Rosetta branch connection angle: residue 107 BRANCH 1
core.pose.util: [ WARNING ] Unable to find atom_tree atom for this Rosetta branch connection angle: residue 179 BRANCH 1
core.pose.util: [ WARNING ] Unable to find atom_tree atom for this Rosetta branch connection angle: residue 189 BRANCH 1
core.pose.util: [ WARNING ] Unable to find atom_tree atom for this Rosetta branch connection angle: residue 199 BRANCH 1
core.optimization.Minimizer: [ WARNING ] LBFGS MAX CYCLES 200 EXCEEDED, BUT FUNC NOT CONVERGED!
protocols.relax.FastRelax: CMD: min  -732.434  0.075256  0.075256  0.31955
protocols.relax.FastRelax: CMD: coord_cst_weight  -732.434  0.075256  0.075256  0.31955
protocols.relax.FastRelax: CMD: scale:fa_rep  -651.545  0.075256  0.075256  0.55
core.pack.task: Packer task: initialize from command line() 
core.pack.pack_rotamers: built 3702 rotamers at 322 positions.
core.pack.interaction_graph.interaction_graph_factory: Instantiating DensePDInteractionGraph
protocols.relax.FastRelax: CMD: repack  -651.545  0.075256  0.075256  0.55
core.pose.util: [ WARNING ] Unable to find atom_tree atom for this Rosetta branch connection angle: residue 107 BRANCH 1
core.pose.util: [ WARNING ] Unable to find atom_tree atom for this Rosetta branch connection angle: residue 179 BRANCH 1
core.pose.util: [ WARNING ] Unable to find atom_tree atom for this Rosetta branch connection angle: residue 189 BRANCH 1
core.pose.util: [ WARNING ] Unable to find atom_tree atom for this Rosetta branch connection angle: residue 199 BRANCH 1
protocols.relax.FastRelax: CMD: min  -660.275  0.073029  0.073029  0.55
protocols.relax.FastRelax: MRP: 1  -660.275  -660.275  0.073029  0.073029  
protocols.relax.FastRelax: CMD: accept_to_best  -660.275  0.073029  0.073029  0.55
protocols.relax.FastRelax: CMD: endrepeat  -660.275  0.073029  0.073029  0.55
protocols.relax.FastRelax: CMD: coord_cst_weight  -660.275  0.073029  0.073029  0.55
protocols.relax.FastRelax: CMD: scale:fa_rep  -809.602  0.073029  0.073029  0.022
core.pack.task: Packer task: initialize from command line() 
core.pack.pack_rotamers: built 4063 rotamers at 322 positions.
core.pack.interaction_graph.interaction_graph_factory: Instantiating DensePDInteractionGraph
protocols.relax.FastRelax: CMD: repack  -817.365  0.073029  0.073029  0.022
protocols.relax.FastRelax: CMD: scale:fa_rep  -814.686  0.073029  0.073029  0.02805
core.pose.util: [ WARNING ] Unable to find atom_tree atom for this Rosetta branch connection angle: residue 107 BRANCH 1
core.pose.util: [ WARNING ] Unable to find atom_tree atom for this Rosetta branch connection angle: residue 179 BRANCH 1
core.pose.util: [ WARNING ] Unable to find atom_tree atom for this Rosetta branch connection angle: residue 189 BRANCH 1
core.pose.util: [ WARNING ] Unable to find atom_tree atom for this Rosetta branch connection angle: residue 199 BRANCH 1
core.optimization.Minimizer: [ WARNING ] LBFGS MAX CYCLES 200 EXCEEDED, BUT FUNC NOT CONVERGED!
protocols.relax.FastRelax: CMD: min  -868.918  0.0842878  0.0842878  0.02805
protocols.relax.FastRelax: CMD: coord_cst_weight  -868.918  0.0842878  0.0842878  0.02805
protocols.relax.FastRelax: CMD: scale:fa_rep  -778.207  0.0842878  0.0842878  0.14575
core.pack.task: Packer task: initialize from command line() 
core.pack.pack_rotamers: built 3827 rotamers at 322 positions.
core.pack.interaction_graph.interaction_graph_factory: Instantiating DensePDInteractionGraph
protocols.relax.FastRelax: CMD: repack  -778.521  0.0842878  0.0842878  0.14575
protocols.relax.FastRelax: CMD: scale:fa_rep  -772.232  0.0842878  0.0842878  0.154
core.pose.util: [ WARNING ] Unable to find atom_tree atom for this Rosetta branch connection angle: residue 107 BRANCH 1
core.pose.util: [ WARNING ] Unable to find atom_tree atom for this Rosetta branch connection angle: residue 179 BRANCH 1
core.pose.util: [ WARNING ] Unable to find atom_tree atom for this Rosetta branch connection angle: residue 189 BRANCH 1
core.pose.util: [ WARNING ] Unable to find atom_tree atom for this Rosetta branch connection angle: residue 199 BRANCH 1
core.optimization.Minimizer: [ WARNING ] LBFGS MAX CYCLES 200 EXCEEDED, BUT FUNC NOT CONVERGED!
protocols.relax.FastRelax: CMD: min  -798.048  0.0787435  0.0787435  0.154
protocols.relax.FastRelax: CMD: coord_cst_weight  -798.048  0.0787435  0.0787435  0.154
protocols.relax.FastRelax: CMD: scale:fa_rep  -727.808  0.0787435  0.0787435  0.30745
core.pack.task: Packer task: initialize from command line() 
core.pack.pack_rotamers: built 3726 rotamers at 322 positions.
core.pack.interaction_graph.interaction_graph_factory: Instantiating DensePDInteractionGraph
protocols.relax.FastRelax: CMD: repack  -727.808  0.0787435  0.0787435  0.30745
protocols.relax.FastRelax: CMD: scale:fa_rep  -722.269  0.0787435  0.0787435  0.31955
core.pose.util: [ WARNING ] Unable to find atom_tree atom for this Rosetta branch connection angle: residue 107 BRANCH 1
core.pose.util: [ WARNING ] Unable to find atom_tree atom for this Rosetta branch connection angle: residue 179 BRANCH 1
core.pose.util: [ WARNING ] Unable to find atom_tree atom for this Rosetta branch connection angle: residue 189 BRANCH 1
core.pose.util: [ WARNING ] Unable to find atom_tree atom for this Rosetta branch connection angle: residue 199 BRANCH 1
core.optimization.Minimizer: [ WARNING ] LBFGS MAX CYCLES 200 EXCEEDED, BUT FUNC NOT CONVERGED!
protocols.relax.FastRelax: CMD: min  -732.378  0.0753037  0.0753037  0.31955
protocols.relax.FastRelax: CMD: coord_cst_weight  -732.378  0.0753037  0.0753037  0.31955
protocols.relax.FastRelax: CMD: scale:fa_rep  -651.406  0.0753037  0.0753037  0.55
core.pack.task: Packer task: initialize from command line() 
core.pack.pack_rotamers: built 3703 rotamers at 322 positions.
core.pack.interaction_graph.interaction_graph_factory: Instantiating DensePDInteractionGraph
protocols.relax.FastRelax: CMD: repack  -651.406  0.0753037  0.0753037  0.55
core.pose.util: [ WARNING ] Unable to find atom_tree atom for this Rosetta branch connection angle: residue 107 BRANCH 1
core.pose.util: [ WARNING ] Unable to find atom_tree atom for this Rosetta branch connection angle: residue 179 BRANCH 1
core.pose.util: [ WARNING ] Unable to find atom_tree atom for this Rosetta branch connection angle: residue 189 BRANCH 1
core.pose.util: [ WARNING ] Unable to find atom_tree atom for this Rosetta branch connection angle: residue 199 BRANCH 1
protocols.relax.FastRelax: CMD: min  -660.268  0.0730054  0.0730054  0.55
protocols.relax.FastRelax: MRP: 2  -660.268  -660.275  0.073029  0.073029  
protocols.relax.FastRelax: CMD: accept_to_best  -660.268  0.0730054  0.0730054  0.55
protocols.relax.FastRelax: CMD: endrepeat  -660.268  0.0730054  0.0730054  0.55
protocols.relax.FastRelax: CMD: coord_cst_weight  -660.268  0.0730054  0.0730054  0.55
protocols.relax.FastRelax: CMD: scale:fa_rep  -809.694  0.0730054  0.0730054  0.022
core.pack.task: Packer task: initialize from command line() 
core.pack.pack_rotamers: built 4065 rotamers at 322 positions.
core.pack.interaction_graph.interaction_graph_factory: Instantiating DensePDInteractionGraph
protocols.relax.FastRelax: CMD: repack  -817.438  0.0730054  0.0730054  0.022
protocols.relax.FastRelax: CMD: scale:fa_rep  -814.758  0.0730054  0.0730054  0.02805
core.pose.util: [ WARNING ] Unable to find atom_tree atom for this Rosetta branch connection angle: residue 107 BRANCH 1
core.pose.util: [ WARNING ] Unable to find atom_tree atom for this Rosetta branch connection angle: residue 179 BRANCH 1
core.pose.util: [ WARNING ] Unable to find atom_tree atom for this Rosetta branch connection angle: residue 189 BRANCH 1
core.pose.util: [ WARNING ] Unable to find atom_tree atom for this Rosetta branch connection angle: residue 199 BRANCH 1
core.optimization.Minimizer: [ WARNING ] LBFGS MAX CYCLES 200 EXCEEDED, BUT FUNC NOT CONVERGED!
protocols.relax.FastRelax: CMD: min  -869.133  0.0844594  0.0844594  0.02805
protocols.relax.FastRelax: CMD: coord_cst_weight  -869.133  0.0844594  0.0844594  0.02805
protocols.relax.FastRelax: CMD: scale:fa_rep  -777.463  0.0844594  0.0844594  0.14575
core.pack.task: Packer task: initialize from command line() 
core.pack.pack_rotamers: built 3830 rotamers at 322 positions.
core.pack.interaction_graph.interaction_graph_factory: Instantiating DensePDInteractionGraph
protocols.relax.FastRelax: CMD: repack  -777.791  0.0844594  0.0844594  0.14575
protocols.relax.FastRelax: CMD: scale:fa_rep  -771.435  0.0844594  0.0844594  0.154
core.pose.util: [ WARNING ] Unable to find atom_tree atom for this Rosetta branch connection angle: residue 107 BRANCH 1
core.pose.util: [ WARNING ] Unable to find atom_tree atom for this Rosetta branch connection angle: residue 179 BRANCH 1
core.pose.util: [ WARNING ] Unable to find atom_tree atom for this Rosetta branch connection angle: residue 189 BRANCH 1
core.pose.util: [ WARNING ] Unable to find atom_tree atom for this Rosetta branch connection angle: residue 199 BRANCH 1
core.optimization.Minimizer: [ WARNING ] LBFGS MAX CYCLES 200 EXCEEDED, BUT FUNC NOT CONVERGED!
protocols.relax.FastRelax: CMD: min  -797.916  0.0788108  0.0788108  0.154
protocols.relax.FastRelax: CMD: coord_cst_weight  -797.916  0.0788108  0.0788108  0.154
protocols.relax.FastRelax: CMD: scale:fa_rep  -727.557  0.0788108  0.0788108  0.30745
core.pack.task: Packer task: initialize from command line() 
core.pack.pack_rotamers: built 3727 rotamers at 322 positions.
core.pack.interaction_graph.interaction_graph_factory: Instantiating DensePDInteractionGraph
protocols.relax.FastRelax: CMD: repack  -727.557  0.0788108  0.0788108  0.30745
protocols.relax.FastRelax: CMD: scale:fa_rep  -722.009  0.0788108  0.0788108  0.31955
core.pose.util: [ WARNING ] Unable to find atom_tree atom for this Rosetta branch connection angle: residue 107 BRANCH 1
core.pose.util: [ WARNING ] Unable to find atom_tree atom for this Rosetta branch connection angle: residue 179 BRANCH 1
core.pose.util: [ WARNING ] Unable to find atom_tree atom for this Rosetta branch connection angle: residue 189 BRANCH 1
core.pose.util: [ WARNING ] Unable to find atom_tree atom for this Rosetta branch connection angle: residue 199 BRANCH 1
core.optimization.Minimizer: [ WARNING ] LBFGS MAX CYCLES 200 EXCEEDED, BUT FUNC NOT CONVERGED!
protocols.relax.FastRelax: CMD: min  -732.372  0.0752916  0.0752916  0.31955
protocols.relax.FastRelax: CMD: coord_cst_weight  -732.372  0.0752916  0.0752916  0.31955
protocols.relax.FastRelax: CMD: scale:fa_rep  -651.403  0.0752916  0.0752916  0.55
core.pack.task: Packer task: initialize from command line() 
core.pack.pack_rotamers: built 3708 rotamers at 322 positions.
core.pack.interaction_graph.interaction_graph_factory: Instantiating DensePDInteractionGraph
protocols.relax.FastRelax: CMD: repack  -651.403  0.0752916  0.0752916  0.55
core.pose.util: [ WARNING ] Unable to find atom_tree atom for this Rosetta branch connection angle: residue 107 BRANCH 1
core.pose.util: [ WARNING ] Unable to find atom_tree atom for this Rosetta branch connection angle: residue 179 BRANCH 1
core.pose.util: [ WARNING ] Unable to find atom_tree atom for this Rosetta branch connection angle: residue 189 BRANCH 1
core.pose.util: [ WARNING ] Unable to find atom_tree atom for this Rosetta branch connection angle: residue 199 BRANCH 1
protocols.relax.FastRelax: CMD: min  -660.22  0.0730046  0.0730046  0.55
protocols.relax.FastRelax: MRP: 3  -660.22  -660.275  0.073029  0.073029  
protocols.relax.FastRelax: CMD: accept_to_best  -660.22  0.0730046  0.0730046  0.55
protocols.relax.FastRelax: CMD: endrepeat  -660.22  0.0730046  0.0730046  0.55
protocols.relax.FastRelax: CMD: coord_cst_weight  -660.22  0.0730046  0.0730046  0.55
protocols.relax.FastRelax: CMD: scale:fa_rep  -809.746  0.0730046  0.0730046  0.022
core.pack.task: Packer task: initialize from command line() 
core.pack.pack_rotamers: built 4066 rotamers at 322 positions.
core.pack.interaction_graph.interaction_graph_factory: Instantiating DensePDInteractionGraph
protocols.relax.FastRelax: CMD: repack  -817.193  0.0730046  0.0730046  0.022
protocols.relax.FastRelax: CMD: scale:fa_rep  -814.472  0.0730046  0.0730046  0.02805
core.pose.util: [ WARNING ] Unable to find atom_tree atom for this Rosetta branch connection angle: residue 107 BRANCH 1
core.pose.util: [ WARNING ] Unable to find atom_tree atom for this Rosetta branch connection angle: residue 179 BRANCH 1
core.pose.util: [ WARNING ] Unable to find atom_tree atom for this Rosetta branch connection angle: residue 189 BRANCH 1
core.pose.util: [ WARNING ] Unable to find atom_tree atom for this Rosetta branch connection angle: residue 199 BRANCH 1
core.optimization.Minimizer: [ WARNING ] LBFGS MAX CYCLES 200 EXCEEDED, BUT FUNC NOT CONVERGED!
protocols.relax.FastRelax: CMD: min  -868.903  0.084414  0.084414  0.02805
protocols.relax.FastRelax: CMD: coord_cst_weight  -868.903  0.084414  0.084414  0.02805
protocols.relax.FastRelax: CMD: scale:fa_rep  -778.217  0.084414  0.084414  0.14575
core.pack.task: Packer task: initialize from command line() 
core.pack.pack_rotamers: built 3830 rotamers at 322 positions.
core.pack.interaction_graph.interaction_graph_factory: Instantiating DensePDInteractionGraph
protocols.relax.FastRelax: CMD: repack  -778.525  0.084414  0.084414  0.14575
protocols.relax.FastRelax: CMD: scale:fa_rep  -772.237  0.084414  0.084414  0.154
core.pose.util: [ WARNING ] Unable to find atom_tree atom for this Rosetta branch connection angle: residue 107 BRANCH 1
core.pose.util: [ WARNING ] Unable to find atom_tree atom for this Rosetta branch connection angle: residue 179 BRANCH 1
core.pose.util: [ WARNING ] Unable to find atom_tree atom for this Rosetta branch connection angle: residue 189 BRANCH 1
core.pose.util: [ WARNING ] Unable to find atom_tree atom for this Rosetta branch connection angle: residue 199 BRANCH 1
core.optimization.Minimizer: [ WARNING ] LBFGS MAX CYCLES 200 EXCEEDED, BUT FUNC NOT CONVERGED!
protocols.relax.FastRelax: CMD: min  -798.054  0.078721  0.078721  0.154
protocols.relax.FastRelax: CMD: coord_cst_weight  -798.054  0.078721  0.078721  0.154
protocols.relax.FastRelax: CMD: scale:fa_rep  -727.912  0.078721  0.078721  0.30745
core.pack.task: Packer task: initialize from command line() 
core.pack.pack_rotamers: built 3733 rotamers at 322 positions.
core.pack.interaction_graph.interaction_graph_factory: Instantiating DensePDInteractionGraph
protocols.relax.FastRelax: CMD: repack  -727.912  0.078721  0.078721  0.30745
protocols.relax.FastRelax: CMD: scale:fa_rep  -722.381  0.078721  0.078721  0.31955
core.pose.util: [ WARNING ] Unable to find atom_tree atom for this Rosetta branch connection angle: residue 107 BRANCH 1
core.pose.util: [ WARNING ] Unable to find atom_tree atom for this Rosetta branch connection angle: residue 179 BRANCH 1
core.pose.util: [ WARNING ] Unable to find atom_tree atom for this Rosetta branch connection angle: residue 189 BRANCH 1
core.pose.util: [ WARNING ] Unable to find atom_tree atom for this Rosetta branch connection angle: residue 199 BRANCH 1
core.optimization.Minimizer: [ WARNING ] LBFGS MAX CYCLES 200 EXCEEDED, BUT FUNC NOT CONVERGED!
protocols.relax.FastRelax: CMD: min  -732.433  0.0752479  0.0752479  0.31955
protocols.relax.FastRelax: CMD: coord_cst_weight  -732.433  0.0752479  0.0752479  0.31955
protocols.relax.FastRelax: CMD: scale:fa_rep  -651.534  0.0752479  0.0752479  0.55
core.pack.task: Packer task: initialize from command line() 
core.pack.pack_rotamers: built 3692 rotamers at 322 positions.
core.pack.interaction_graph.interaction_graph_factory: Instantiating DensePDInteractionGraph
protocols.relax.FastRelax: CMD: repack  -651.534  0.0752479  0.0752479  0.55
core.pose.util: [ WARNING ] Unable to find atom_tree atom for this Rosetta branch connection angle: residue 107 BRANCH 1
core.pose.util: [ WARNING ] Unable to find atom_tree atom for this Rosetta branch connection angle: residue 179 BRANCH 1
core.pose.util: [ WARNING ] Unable to find atom_tree atom for this Rosetta branch connection angle: residue 189 BRANCH 1
core.pose.util: [ WARNING ] Unable to find atom_tree atom for this Rosetta branch connection angle: residue 199 BRANCH 1
protocols.relax.FastRelax: CMD: min  -660.27  0.0729748  0.0729748  0.55
protocols.relax.FastRelax: MRP: 4  -660.27  -660.275  0.073029  0.073029  
protocols.relax.FastRelax: CMD: accept_to_best  -660.27  0.0729748  0.0729748  0.55
protocols.relax.FastRelax: CMD: endrepeat  -660.27  0.0729748  0.0729748  0.55
protocols::checkpoint: Deleting checkpoints of FastRelax
protocols.jd2.JobDistributor: input_0001 reported success in 396 seconds
protocols.jd2.JobDistributor: no more batches to process... 
protocols.jd2.JobDistributor: 1 jobs considered, 1 jobs attempted in 396 seconds
basic.citation_manager.CitationManager: 
The following Rosetta modules were used during this run of Rosetta, and should be cited:

FastRelax Mover's citation(s):
*Tyka MD, *Keedy DA, André I, Dimaio F, Song Y, Richardson DC, Richardson JS, and Baker D.  (2011).  Alternate states of proteins revealed by detailed energy landscape mapping.  J Mol Biol 405(2):607-18.  doi: 10.1016/j.jmb.2010.11.008.  (*Co-primary authors.)

Khatib F, Cooper S, Tyka MD, Xu K, Makedon I, Popovic Z, Baker D, and Players F.  (2011).  Algorithm discovery by protein folding game players.  Proc Natl Acad Sci USA 108(47):18949-53.  doi: 10.1073/pnas.1115898108.

Maguire JB, Haddox HK, Strickland D, Halabiya SF, Coventry B, Griffin JR, Pulavarti SVSRK, Cummins M, Thieker DF, Klavins E, Szyperski T, DiMaio F, Baker D, and Kuhlman B.  (2021).  Perturbing the energy landscape for improved packing during computational protein design.  Proteins 89(4):436-449.  doi: 10.1002/prot.26030.


